This is pdfTeX, Version 3.1415926-2.4-1.40.13 (TeX Live 2012/Debian) (format=pdflatex 2013.8.27)  27 JAN 2014 10:54
entering extended mode
 restricted \write18 enabled.
 Source specials enabled.
 %&-line parsing enabled.
**document.tex
(./document.tex
LaTeX2e <2011/06/27>
Babel <v3.8m> and hyphenation patterns for english, dumylang, nohyphenation, ng
erman, german, swissgerman, ngerman-x-2012-05-30, german-x-2012-05-30, loaded.
(/usr/share/texlive/texmf-dist/tex/latex/koma-script/scrbook.cls
Document Class: scrbook 2012/05/15 v3.11 KOMA-Script document class (book)
(/usr/share/texlive/texmf-dist/tex/latex/koma-script/scrkbase.sty
Package: scrkbase 2012/05/15 v3.11 KOMA-Script package (KOMA-Script-dependent b
asics and keyval usage)

(/usr/share/texlive/texmf-dist/tex/latex/koma-script/scrbase.sty
Package: scrbase 2012/05/15 v3.11 KOMA-Script package (KOMA-Script-independent 
basics and keyval usage)

(/usr/share/texlive/texmf-dist/tex/latex/graphics/keyval.sty
Package: keyval 1999/03/16 v1.13 key=value parser (DPC)
\KV@toks@=\toks14
)
(/usr/share/texlive/texmf-dist/tex/latex/koma-script/scrlfile.sty
Package: scrlfile 2011/03/09 v3.09 KOMA-Script package (loading files)

Package scrlfile, 2011/03/09 v3.09 KOMA-Script package (loading files)
                  Copyright (C) Markus Kohm

))) (/usr/share/texlive/texmf-dist/tex/latex/koma-script/tocbasic.sty
Package: tocbasic 2012/04/04 v3.10b KOMA-Script package (handling toc-files)
)
Package tocbasic Info: omitting babel extension for `toc'
(tocbasic)             because of feature `nobabel' available
(tocbasic)             for `toc' on input line 117.
Package tocbasic Info: omitting babel extension for `lof'
(tocbasic)             because of feature `nobabel' available
(tocbasic)             for `lof' on input line 118.
Package tocbasic Info: omitting babel extension for `lot'
(tocbasic)             because of feature `nobabel' available
(tocbasic)             for `lot' on input line 119.
Package scrbook Info: You've used obsolete option `12pt'.
(scrbook)             \KOMAExecuteOptions{fontsize=12pt} will be
(scrbook)             used instead.
(scrbook)             You may simply replace `12pt'
(scrbook)             by `fontsize=12pt'.
Class scrbook Info: You've used standard option `oneside'.
(scrbook)           This is correct!
(scrbook)           Internally I'm using `twoside=false'.
(scrbook)           If you'd like to set the option with \KOMAoptions,
(scrbook)           you'd have to use `twoside=false' there
(scrbook)           instead of `oneside', too.
Class scrbook Info: File `scrsize12pt.clo' used to setup font sizes on input li
ne 1366.

(/usr/share/texlive/texmf-dist/tex/latex/koma-script/scrsize12pt.clo
File: scrsize12pt.clo 2012/05/15 v3.11 KOMA-Script font size class option (12pt
)
)
(/usr/share/texlive/texmf-dist/tex/latex/koma-script/typearea.sty
Package: typearea 2012/05/15 v3.11 KOMA-Script package (type area)

Package typearea, 2012/05/15 v3.11 KOMA-Script package (type area)
                  Copyright (C) Frank Neukam, 1992-1994
                  Copyright (C) Markus Kohm, 1994-

\ta@bcor=\skip41
\ta@div=\count79
Package typearea Info: You've used standard option `a4paper'.
(typearea)             This is correct!
(typearea)             Internally I'm using `paper=a4'.
(typearea)             If you'd like to set the option with \KOMAoptions,
(typearea)             you'd have to use `paper=a4' there
(typearea)             instead of `a4paper', too.
Package typearea Info: You've used standard option `oneside'.
(typearea)             This is correct!
(typearea)             Internally I'm using `twoside=false'.
(typearea)             If you'd like to set the option with \KOMAoptions,
(typearea)             you'd have to use `twoside=false' there
(typearea)             instead of `oneside', too.
\ta@hblk=\skip42
\ta@vblk=\skip43
\ta@temp=\skip44
Package typearea Info: These are the values describing the layout:
(typearea)             DIV  = 12
(typearea)             BCOR = 0.0pt
(typearea)             \paperwidth      = 597.50793pt
(typearea)              \textwidth      = 448.13095pt
(typearea)              DIV departure   = -6%
(typearea)              \evensidemargin = 2.4185pt
(typearea)              \oddsidemargin  = 2.4185pt
(typearea)             \paperheight     = 845.04694pt
(typearea)              \textheight     = 548.5pt
(typearea)              \topmargin      = -1.84941pt
(typearea)              \headheight     = 18.125pt
(typearea)              \headsep        = 21.75pt
(typearea)              \topskip        = 12.0pt
(typearea)              \footskip       = 50.75pt
(typearea)              \baselineskip   = 14.5pt
(typearea)              on input line 1211.
)
\c@part=\count80
\c@chapter=\count81
\c@section=\count82
\c@subsection=\count83
\c@subsubsection=\count84
\c@paragraph=\count85
\c@subparagraph=\count86
\abovecaptionskip=\skip45
\belowcaptionskip=\skip46
\c@pti@nb@sid@b@x=\box26
\c@figure=\count87
\c@table=\count88
\bibindent=\dimen102
)
Package typearea Info: These are the values describing the layout:
(typearea)             DIV  = areaset
(typearea)             BCOR = 42.67912pt
(typearea)             \paperwidth      = 597.50793pt
(typearea)              \textwidth      = 398.33858pt
(typearea)              \evensidemargin = 48.65424pt
(typearea)              \oddsidemargin  = 48.65424pt
(typearea)             \paperheight     = 845.04694pt
(typearea)              \textheight     = 621.8189pt
(typearea)              \topmargin      = -27.69398pt
(typearea)              \headheight     = 17.0pt
(typearea)              \headsep        = 21.75pt
(typearea)              \topskip        = 12.0pt
(typearea)              \footskip       = 50.75pt
(typearea)              \baselineskip   = 14.5pt
(typearea)              on input line 14.
 (/usr/share/texlive/texmf-dist/tex/latex/base/inputenc.sty
Package: inputenc 2008/03/30 v1.1d Input encoding file
\inpenc@prehook=\toks15
\inpenc@posthook=\toks16

(/usr/share/texlive/texmf-dist/tex/latex/ucs/utf8x.def
File: utf8x.def 2004/10/17 UCS: Input encoding UTF-8
))
(/usr/share/texlive/texmf-dist/tex/latex/ucs/ucs.sty
Package: ucs 2004/10/17 UCS: Unicode input support

(/usr/share/texlive/texmf-dist/tex/latex/ucs/data/uni-global.def
File: uni-global.def 2012/04/20 UCS: Unicode global data
)
\uc@secondtry=\count89
\uc@combtoks=\toks17
\uc@combtoksb=\toks18
\uc@temptokena=\toks19
)
(/usr/share/texlive/texmf-dist/tex/latex/base/fontenc.sty
Package: fontenc 2005/09/27 v1.99g Standard LaTeX package

(/usr/share/texlive/texmf-dist/tex/latex/base/t1enc.def
File: t1enc.def 2005/09/27 v1.99g Standard LaTeX file
LaTeX Font Info:    Redeclaring font encoding T1 on input line 43.
))
(/usr/share/texlive/texmf-dist/tex/latex/ae/ae.sty
Package: ae 2001/02/12 1.3 Almost European Computer Modern

(/usr/share/texlive/texmf-dist/tex/latex/base/fontenc.sty
Package: fontenc 2005/09/27 v1.99g Standard LaTeX package

(/usr/share/texlive/texmf-dist/tex/latex/base/t1enc.def
File: t1enc.def 2005/09/27 v1.99g Standard LaTeX file
LaTeX Font Info:    Redeclaring font encoding T1 on input line 43.
)
LaTeX Font Info:    Try loading font information for T1+aer on input line 100.

(/usr/share/texlive/texmf-dist/tex/latex/ae/t1aer.fd
File: t1aer.fd 1997/11/16 Font definitions for T1/aer.
)))
(/usr/share/texlive/texmf-dist/tex/generic/babel/babel.sty
Package: babel 2008/07/08 v3.8m The Babel package

(/usr/share/texlive/texmf-dist/tex/generic/babel/germanb.ldf
Language: germanb 2008/06/01 v2.6m German support from the babel system

(/usr/share/texlive/texmf-dist/tex/generic/babel/babel.def
File: babel.def 2008/07/08 v3.8m Babel common definitions
\babel@savecnt=\count90
\U@D=\dimen103
)
\l@austrian = a dialect from \language\l@german 
Package babel Info: Making " an active character on input line 102.
))
(/usr/share/texlive/texmf-dist/tex/latex/psnfss/helvet.sty
Package: helvet 2005/04/12 PSNFSS-v9.2a (WaS) 
)
(/usr/share/texlive/texmf-dist/tex/latex/psnfss/mathptmx.sty
Package: mathptmx 2005/04/12 PSNFSS-v9.2a Times w/ Math, improved (SPQR, WaS) 
LaTeX Font Info:    Redeclaring symbol font `operators' on input line 28.
LaTeX Font Info:    Overwriting symbol font `operators' in version `normal'
(Font)                  OT1/cmr/m/n --> OT1/ztmcm/m/n on input line 28.
LaTeX Font Info:    Overwriting symbol font `operators' in version `bold'
(Font)                  OT1/cmr/bx/n --> OT1/ztmcm/m/n on input line 28.
LaTeX Font Info:    Redeclaring symbol font `letters' on input line 29.
LaTeX Font Info:    Overwriting symbol font `letters' in version `normal'
(Font)                  OML/cmm/m/it --> OML/ztmcm/m/it on input line 29.
LaTeX Font Info:    Overwriting symbol font `letters' in version `bold'
(Font)                  OML/cmm/b/it --> OML/ztmcm/m/it on input line 29.
LaTeX Font Info:    Redeclaring symbol font `symbols' on input line 30.
LaTeX Font Info:    Overwriting symbol font `symbols' in version `normal'
(Font)                  OMS/cmsy/m/n --> OMS/ztmcm/m/n on input line 30.
LaTeX Font Info:    Overwriting symbol font `symbols' in version `bold'
(Font)                  OMS/cmsy/b/n --> OMS/ztmcm/m/n on input line 30.
LaTeX Font Info:    Redeclaring symbol font `largesymbols' on input line 31.
LaTeX Font Info:    Overwriting symbol font `largesymbols' in version `normal'
(Font)                  OMX/cmex/m/n --> OMX/ztmcm/m/n on input line 31.
LaTeX Font Info:    Overwriting symbol font `largesymbols' in version `bold'
(Font)                  OMX/cmex/m/n --> OMX/ztmcm/m/n on input line 31.
\symbold=\mathgroup4
\symitalic=\mathgroup5
LaTeX Font Info:    Redeclaring math alphabet \mathbf on input line 34.
LaTeX Font Info:    Overwriting math alphabet `\mathbf' in version `normal'
(Font)                  OT1/cmr/bx/n --> OT1/ptm/bx/n on input line 34.
LaTeX Font Info:    Overwriting math alphabet `\mathbf' in version `bold'
(Font)                  OT1/cmr/bx/n --> OT1/ptm/bx/n on input line 34.
LaTeX Font Info:    Redeclaring math alphabet \mathit on input line 35.
LaTeX Font Info:    Overwriting math alphabet `\mathit' in version `normal'
(Font)                  OT1/cmr/m/it --> OT1/ptm/m/it on input line 35.
LaTeX Font Info:    Overwriting math alphabet `\mathit' in version `bold'
(Font)                  OT1/cmr/bx/it --> OT1/ptm/m/it on input line 35.
LaTeX Info: Redefining \hbar on input line 50.
)
(/usr/share/texlive/texmf-dist/tex/latex/psnfss/courier.sty
Package: courier 2005/04/12 PSNFSS-v9.2a (WaS) 
)
(/usr/share/texmf/tex/latex/pgf/basiclayer/pgf.sty
(/usr/share/texmf/tex/latex/pgf/utilities/pgfrcs.sty
(/usr/share/texmf/tex/generic/pgf/utilities/pgfutil-common.tex
\pgfutil@everybye=\toks20
)
(/usr/share/texmf/tex/generic/pgf/utilities/pgfutil-latex.def
\pgfutil@abb=\box27

(/usr/share/texlive/texmf-dist/tex/latex/ms/everyshi.sty
Package: everyshi 2001/05/15 v3.00 EveryShipout Package (MS)
))
(/usr/share/texmf/tex/generic/pgf/utilities/pgfrcs.code.tex
Package: pgfrcs 2010/10/25 v2.10 (rcs-revision 1.24)
))
Package: pgf 2008/01/15 v2.10 (rcs-revision 1.12)

(/usr/share/texmf/tex/latex/pgf/basiclayer/pgfcore.sty
(/usr/share/texlive/texmf-dist/tex/latex/graphics/graphicx.sty
Package: graphicx 1999/02/16 v1.0f Enhanced LaTeX Graphics (DPC,SPQR)

(/usr/share/texlive/texmf-dist/tex/latex/graphics/graphics.sty
Package: graphics 2009/02/05 v1.0o Standard LaTeX Graphics (DPC,SPQR)

(/usr/share/texlive/texmf-dist/tex/latex/graphics/trig.sty
Package: trig 1999/03/16 v1.09 sin cos tan (DPC)
)
(/usr/share/texlive/texmf-dist/tex/latex/latexconfig/graphics.cfg
File: graphics.cfg 2010/04/23 v1.9 graphics configuration of TeX Live
)
Package graphics Info: Driver file: pdftex.def on input line 91.

(/usr/share/texlive/texmf-dist/tex/latex/pdftex-def/pdftex.def
File: pdftex.def 2011/05/27 v0.06d Graphics/color for pdfTeX

(/usr/share/texlive/texmf-dist/tex/generic/oberdiek/infwarerr.sty
Package: infwarerr 2010/04/08 v1.3 Providing info/warning/error messages (HO)
)
(/usr/share/texlive/texmf-dist/tex/generic/oberdiek/ltxcmds.sty
Package: ltxcmds 2011/11/09 v1.22 LaTeX kernel commands for general use (HO)
)
\Gread@gobject=\count91
))
\Gin@req@height=\dimen104
\Gin@req@width=\dimen105
)
(/usr/share/texmf/tex/latex/pgf/systemlayer/pgfsys.sty
(/usr/share/texmf/tex/generic/pgf/systemlayer/pgfsys.code.tex
Package: pgfsys 2010/06/30 v2.10 (rcs-revision 1.37)

(/usr/share/texmf/tex/generic/pgf/utilities/pgfkeys.code.tex
\pgfkeys@pathtoks=\toks21
\pgfkeys@temptoks=\toks22

(/usr/share/texmf/tex/generic/pgf/utilities/pgfkeysfiltered.code.tex
\pgfkeys@tmptoks=\toks23
))
\pgf@x=\dimen106
\pgf@y=\dimen107
\pgf@xa=\dimen108
\pgf@ya=\dimen109
\pgf@xb=\dimen110
\pgf@yb=\dimen111
\pgf@xc=\dimen112
\pgf@yc=\dimen113
\w@pgf@writea=\write3
\r@pgf@reada=\read1
\c@pgf@counta=\count92
\c@pgf@countb=\count93
\c@pgf@countc=\count94
\c@pgf@countd=\count95

(/usr/share/texmf/tex/generic/pgf/systemlayer/pgf.cfg
File: pgf.cfg 2008/05/14  (rcs-revision 1.7)
)
Package pgfsys Info: Driver file for pgf: pgfsys-pdftex.def on input line 900.

(/usr/share/texmf/tex/generic/pgf/systemlayer/pgfsys-pdftex.def
File: pgfsys-pdftex.def 2009/05/22  (rcs-revision 1.26)

(/usr/share/texmf/tex/generic/pgf/systemlayer/pgfsys-common-pdf.def
File: pgfsys-common-pdf.def 2008/05/19  (rcs-revision 1.10)
)))
(/usr/share/texmf/tex/generic/pgf/systemlayer/pgfsyssoftpath.code.tex
File: pgfsyssoftpath.code.tex 2008/07/18  (rcs-revision 1.7)
\pgfsyssoftpath@smallbuffer@items=\count96
\pgfsyssoftpath@bigbuffer@items=\count97
)
(/usr/share/texmf/tex/generic/pgf/systemlayer/pgfsysprotocol.code.tex
File: pgfsysprotocol.code.tex 2006/10/16  (rcs-revision 1.4)
))
(/usr/share/texmf/tex/latex/xcolor/xcolor.sty
Package: xcolor 2007/01/21 v2.11 LaTeX color extensions (UK)

(/usr/share/texlive/texmf-dist/tex/latex/latexconfig/color.cfg
File: color.cfg 2007/01/18 v1.5 color configuration of teTeX/TeXLive
)
Package xcolor Info: Driver file: pdftex.def on input line 225.
Package xcolor Info: Model `cmy' substituted by `cmy0' on input line 1337.
Package xcolor Info: Model `hsb' substituted by `rgb' on input line 1341.
Package xcolor Info: Model `RGB' extended on input line 1353.
Package xcolor Info: Model `HTML' substituted by `rgb' on input line 1355.
Package xcolor Info: Model `Hsb' substituted by `hsb' on input line 1356.
Package xcolor Info: Model `tHsb' substituted by `hsb' on input line 1357.
Package xcolor Info: Model `HSB' substituted by `hsb' on input line 1358.
Package xcolor Info: Model `Gray' substituted by `gray' on input line 1359.
Package xcolor Info: Model `wave' substituted by `hsb' on input line 1360.
)
(/usr/share/texmf/tex/generic/pgf/basiclayer/pgfcore.code.tex
Package: pgfcore 2010/04/11 v2.10 (rcs-revision 1.7)

(/usr/share/texmf/tex/generic/pgf/math/pgfmath.code.tex
(/usr/share/texmf/tex/generic/pgf/math/pgfmathcalc.code.tex
(/usr/share/texmf/tex/generic/pgf/math/pgfmathutil.code.tex)
(/usr/share/texmf/tex/generic/pgf/math/pgfmathparser.code.tex
\pgfmath@dimen=\dimen114
\pgfmath@count=\count98
\pgfmath@box=\box28
\pgfmath@toks=\toks24
\pgfmath@stack@operand=\toks25
\pgfmath@stack@operation=\toks26
)
(/usr/share/texmf/tex/generic/pgf/math/pgfmathfunctions.code.tex
(/usr/share/texmf/tex/generic/pgf/math/pgfmathfunctions.basic.code.tex)
(/usr/share/texmf/tex/generic/pgf/math/pgfmathfunctions.trigonometric.code.tex)
(/usr/share/texmf/tex/generic/pgf/math/pgfmathfunctions.random.code.tex)
(/usr/share/texmf/tex/generic/pgf/math/pgfmathfunctions.comparison.code.tex)
(/usr/share/texmf/tex/generic/pgf/math/pgfmathfunctions.base.code.tex)
(/usr/share/texmf/tex/generic/pgf/math/pgfmathfunctions.round.code.tex)
(/usr/share/texmf/tex/generic/pgf/math/pgfmathfunctions.misc.code.tex)))
(/usr/share/texmf/tex/generic/pgf/math/pgfmathfloat.code.tex
\c@pgfmathroundto@lastzeros=\count99
))
(/usr/share/texmf/tex/generic/pgf/basiclayer/pgfcorepoints.code.tex
File: pgfcorepoints.code.tex 2010/04/09  (rcs-revision 1.20)
\pgf@picminx=\dimen115
\pgf@picmaxx=\dimen116
\pgf@picminy=\dimen117
\pgf@picmaxy=\dimen118
\pgf@pathminx=\dimen119
\pgf@pathmaxx=\dimen120
\pgf@pathminy=\dimen121
\pgf@pathmaxy=\dimen122
\pgf@xx=\dimen123
\pgf@xy=\dimen124
\pgf@yx=\dimen125
\pgf@yy=\dimen126
\pgf@zx=\dimen127
\pgf@zy=\dimen128
)
(/usr/share/texmf/tex/generic/pgf/basiclayer/pgfcorepathconstruct.code.tex
File: pgfcorepathconstruct.code.tex 2010/08/03  (rcs-revision 1.24)
\pgf@path@lastx=\dimen129
\pgf@path@lasty=\dimen130
)
(/usr/share/texmf/tex/generic/pgf/basiclayer/pgfcorepathusage.code.tex
File: pgfcorepathusage.code.tex 2008/04/22  (rcs-revision 1.12)
\pgf@shorten@end@additional=\dimen131
\pgf@shorten@start@additional=\dimen132
)
(/usr/share/texmf/tex/generic/pgf/basiclayer/pgfcorescopes.code.tex
File: pgfcorescopes.code.tex 2010/09/08  (rcs-revision 1.34)
\pgfpic=\box29
\pgf@hbox=\box30
\pgf@layerbox@main=\box31
\pgf@picture@serial@count=\count100
)
(/usr/share/texmf/tex/generic/pgf/basiclayer/pgfcoregraphicstate.code.tex
File: pgfcoregraphicstate.code.tex 2008/04/22  (rcs-revision 1.9)
\pgflinewidth=\dimen133
)
(/usr/share/texmf/tex/generic/pgf/basiclayer/pgfcoretransformations.code.tex
File: pgfcoretransformations.code.tex 2009/06/10  (rcs-revision 1.11)
\pgf@pt@x=\dimen134
\pgf@pt@y=\dimen135
\pgf@pt@temp=\dimen136
)
(/usr/share/texmf/tex/generic/pgf/basiclayer/pgfcorequick.code.tex
File: pgfcorequick.code.tex 2008/10/09  (rcs-revision 1.3)
)
(/usr/share/texmf/tex/generic/pgf/basiclayer/pgfcoreobjects.code.tex
File: pgfcoreobjects.code.tex 2006/10/11  (rcs-revision 1.2)
)
(/usr/share/texmf/tex/generic/pgf/basiclayer/pgfcorepathprocessing.code.tex
File: pgfcorepathprocessing.code.tex 2008/10/09  (rcs-revision 1.8)
)
(/usr/share/texmf/tex/generic/pgf/basiclayer/pgfcorearrows.code.tex
File: pgfcorearrows.code.tex 2008/04/23  (rcs-revision 1.11)
)
(/usr/share/texmf/tex/generic/pgf/basiclayer/pgfcoreshade.code.tex
File: pgfcoreshade.code.tex 2008/11/23  (rcs-revision 1.13)
\pgf@max=\dimen137
\pgf@sys@shading@range@num=\count101
)
(/usr/share/texmf/tex/generic/pgf/basiclayer/pgfcoreimage.code.tex
File: pgfcoreimage.code.tex 2010/03/25  (rcs-revision 1.16)

(/usr/share/texmf/tex/generic/pgf/basiclayer/pgfcoreexternal.code.tex
File: pgfcoreexternal.code.tex 2010/09/01  (rcs-revision 1.17)
\pgfexternal@startupbox=\box32
))
(/usr/share/texmf/tex/generic/pgf/basiclayer/pgfcorelayers.code.tex
File: pgfcorelayers.code.tex 2010/08/27  (rcs-revision 1.2)
)
(/usr/share/texmf/tex/generic/pgf/basiclayer/pgfcoretransparency.code.tex
File: pgfcoretransparency.code.tex 2008/01/17  (rcs-revision 1.2)
)
(/usr/share/texmf/tex/generic/pgf/basiclayer/pgfcorepatterns.code.tex
File: pgfcorepatterns.code.tex 2009/07/02  (rcs-revision 1.3)
)))
(/usr/share/texmf/tex/generic/pgf/modules/pgfmoduleshapes.code.tex
File: pgfmoduleshapes.code.tex 2010/09/09  (rcs-revision 1.13)
\pgfnodeparttextbox=\box33
)
(/usr/share/texmf/tex/generic/pgf/modules/pgfmoduleplot.code.tex
File: pgfmoduleplot.code.tex 2010/10/22  (rcs-revision 1.8)
)
(/usr/share/texmf/tex/latex/pgf/compatibility/pgfcomp-version-0-65.sty
Package: pgfcomp-version-0-65 2007/07/03 v2.10 (rcs-revision 1.7)
\pgf@nodesepstart=\dimen138
\pgf@nodesepend=\dimen139
)
(/usr/share/texmf/tex/latex/pgf/compatibility/pgfcomp-version-1-18.sty
Package: pgfcomp-version-1-18 2007/07/23 v2.10 (rcs-revision 1.1)
))
(/usr/share/texmf/tex/latex/pgf/frontendlayer/tikz.sty
(/usr/share/texmf/tex/latex/pgf/utilities/pgffor.sty
(/usr/share/texmf/tex/latex/pgf/utilities/pgfkeys.sty
(/usr/share/texmf/tex/generic/pgf/utilities/pgfkeys.code.tex))
(/usr/share/texmf/tex/generic/pgf/utilities/pgffor.code.tex
Package: pgffor 2010/03/23 v2.10 (rcs-revision 1.18)
\pgffor@iter=\dimen140
\pgffor@skip=\dimen141
\pgffor@stack=\toks27
\pgffor@toks=\toks28
))
(/usr/share/texmf/tex/generic/pgf/frontendlayer/tikz/tikz.code.tex
Package: tikz 2010/10/13 v2.10 (rcs-revision 1.76)

(/usr/share/texmf/tex/generic/pgf/libraries/pgflibraryplothandlers.code.tex
File: pgflibraryplothandlers.code.tex 2010/05/31 v2.10 (rcs-revision 1.15)
\pgf@plot@mark@count=\count102
\pgfplotmarksize=\dimen142
)
\tikz@lastx=\dimen143
\tikz@lasty=\dimen144
\tikz@lastxsaved=\dimen145
\tikz@lastysaved=\dimen146
\tikzleveldistance=\dimen147
\tikzsiblingdistance=\dimen148
\tikz@figbox=\box34
\tikz@tempbox=\box35
\tikztreelevel=\count103
\tikznumberofchildren=\count104
\tikznumberofcurrentchild=\count105
\tikz@fig@count=\count106

(/usr/share/texmf/tex/generic/pgf/modules/pgfmodulematrix.code.tex
File: pgfmodulematrix.code.tex 2010/08/24  (rcs-revision 1.4)
\pgfmatrixcurrentrow=\count107
\pgfmatrixcurrentcolumn=\count108
\pgf@matrix@numberofcolumns=\count109
)
\tikz@expandcount=\count110

(/usr/share/texmf/tex/generic/pgf/frontendlayer/tikz/libraries/tikzlibrarytopat
hs.code.tex
File: tikzlibrarytopaths.code.tex 2008/06/17 v2.10 (rcs-revision 1.2)
))) (/usr/share/texlive/texmf-dist/tex/latex/setspace/setspace.sty
Package: setspace 2011/12/19 v6.7a set line spacing
)
(/usr/share/texlive/texmf-dist/tex/latex/acronym/acronym.sty
Package: acronym 2010/09/08 v1.36 Support for acronyms (Tobias Oetiker)

(/usr/share/texlive/texmf-dist/tex/latex/bigfoot/suffix.sty
Package: suffix 2006/07/15 1.5 Variant command support
)
\AC@clearlist=\toks29
)
(/usr/share/texlive/texmf-dist/tex/latex/listings/listings.sty
\lst@mode=\count111
\lst@gtempboxa=\box36
\lst@token=\toks30
\lst@length=\count112
\lst@currlwidth=\dimen149
\lst@column=\count113
\lst@pos=\count114
\lst@lostspace=\dimen150
\lst@width=\dimen151
\lst@newlines=\count115
\lst@lineno=\count116
\lst@maxwidth=\dimen152

(/usr/share/texlive/texmf-dist/tex/latex/listings/lstmisc.sty
File: lstmisc.sty 2007/02/22 1.4 (Carsten Heinz)
\c@lstnumber=\count117
\lst@skipnumbers=\count118
\lst@framebox=\box37
)
(/usr/share/texlive/texmf-dist/tex/latex/listings/listings.cfg
File: listings.cfg 2007/02/22 1.4 listings configuration
))
Package: listings 2007/02/22 1.4 (Carsten Heinz)

(/usr/share/texlive/texmf-dist/tex/latex/hyperref/hyperref.sty
Package: hyperref 2012/05/13 v6.82q Hypertext links for LaTeX

(/usr/share/texlive/texmf-dist/tex/generic/oberdiek/hobsub-hyperref.sty
Package: hobsub-hyperref 2012/05/28 v1.13 Bundle oberdiek, subset hyperref (HO)


(/usr/share/texlive/texmf-dist/tex/generic/oberdiek/hobsub-generic.sty
Package: hobsub-generic 2012/05/28 v1.13 Bundle oberdiek, subset generic (HO)
Package: hobsub 2012/05/28 v1.13 Construct package bundles (HO)
Package hobsub Info: Skipping package `infwarerr' (already loaded).
Package hobsub Info: Skipping package `ltxcmds' (already loaded).
Package: ifluatex 2010/03/01 v1.3 Provides the ifluatex switch (HO)
Package ifluatex Info: LuaTeX not detected.
Package: ifvtex 2010/03/01 v1.5 Detect VTeX and its facilities (HO)
Package ifvtex Info: VTeX not detected.
Package: intcalc 2007/09/27 v1.1 Expandable calculations with integers (HO)
Package: ifpdf 2011/01/30 v2.3 Provides the ifpdf switch (HO)
Package ifpdf Info: pdfTeX in PDF mode is detected.
Package: etexcmds 2011/02/16 v1.5 Avoid name clashes with e-TeX commands (HO)
Package etexcmds Info: Could not find \expanded.
(etexcmds)             That can mean that you are not using pdfTeX 1.50 or
(etexcmds)             that some package has redefined \expanded.
(etexcmds)             In the latter case, load this package earlier.
Package: kvsetkeys 2012/04/25 v1.16 Key value parser (HO)
Package: kvdefinekeys 2011/04/07 v1.3 Define keys (HO)
Package: pdftexcmds 2011/11/29 v0.20 Utility functions of pdfTeX for LuaTeX (HO
)
Package pdftexcmds Info: LuaTeX not detected.
Package pdftexcmds Info: \pdf@primitive is available.
Package pdftexcmds Info: \pdf@ifprimitive is available.
Package pdftexcmds Info: \pdfdraftmode found.
Package: pdfescape 2011/11/25 v1.13 Implements pdfTeX's escape features (HO)
Package: bigintcalc 2012/04/08 v1.3 Expandable calculations on big integers (HO
)
Package: bitset 2011/01/30 v1.1 Handle bit-vector datatype (HO)
Package: uniquecounter 2011/01/30 v1.2 Provide unlimited unique counter (HO)
)
Package hobsub Info: Skipping package `hobsub' (already loaded).
Package: letltxmacro 2010/09/02 v1.4 Let assignment for LaTeX macros (HO)
Package: hopatch 2012/05/28 v1.2 Wrapper for package hooks (HO)
Package: xcolor-patch 2011/01/30 xcolor patch
Package: atveryend 2011/06/30 v1.8 Hooks at the very end of document (HO)
Package atveryend Info: \enddocument detected (standard20110627).
Package: atbegshi 2011/10/05 v1.16 At begin shipout hook (HO)
Package: refcount 2011/10/16 v3.4 Data extraction from label references (HO)
Package: hycolor 2011/01/30 v1.7 Color options for hyperref/bookmark (HO)
)
(/usr/share/texlive/texmf-dist/tex/generic/ifxetex/ifxetex.sty
Package: ifxetex 2010/09/12 v0.6 Provides ifxetex conditional
)
(/usr/share/texlive/texmf-dist/tex/latex/oberdiek/kvoptions.sty
Package: kvoptions 2011/06/30 v3.11 Key value format for package options (HO)
)
\@linkdim=\dimen153
\Hy@linkcounter=\count119
\Hy@pagecounter=\count120

(/usr/share/texlive/texmf-dist/tex/latex/hyperref/pd1enc.def
File: pd1enc.def 2012/05/13 v6.82q Hyperref: PDFDocEncoding definition (HO)
)
\Hy@SavedSpaceFactor=\count121

(/usr/share/texlive/texmf-dist/tex/latex/latexconfig/hyperref.cfg
File: hyperref.cfg 2002/06/06 v1.2 hyperref configuration of TeXLive
)
Package hyperref Info: Option `colorlinks' set `true' on input line 3941.
Package hyperref Info: Option `bookmarks' set `true' on input line 3941.
Package hyperref Info: Hyper figures OFF on input line 4062.
Package hyperref Info: Link nesting OFF on input line 4067.
Package hyperref Info: Hyper index ON on input line 4070.
Package hyperref Info: Plain pages OFF on input line 4077.
Package hyperref Info: Backreferencing OFF on input line 4082.
Package hyperref Info: Implicit mode ON; LaTeX internals redefined.
Package hyperref Info: Bookmarks ON on input line 4300.
\c@Hy@tempcnt=\count122

(/usr/share/texlive/texmf-dist/tex/latex/url/url.sty
\Urlmuskip=\muskip10
Package: url 2006/04/12  ver 3.3  Verb mode for urls, etc.
)
LaTeX Info: Redefining \url on input line 4653.
\Fld@menulength=\count123
\Field@Width=\dimen154
\Fld@charsize=\dimen155
Package hyperref Info: Hyper figures OFF on input line 5773.
Package hyperref Info: Link nesting OFF on input line 5778.
Package hyperref Info: Hyper index ON on input line 5781.
Package hyperref Info: backreferencing OFF on input line 5788.
Package hyperref Info: Link coloring ON on input line 5791.
Package hyperref Info: Link coloring with OCG OFF on input line 5798.
Package hyperref Info: PDF/A mode OFF on input line 5803.
LaTeX Info: Redefining \ref on input line 5843.
LaTeX Info: Redefining \pageref on input line 5847.
\Hy@abspage=\count124
\c@Item=\count125
\c@Hfootnote=\count126
)

Package hyperref Message: Driver: hpdftex.

(/usr/share/texlive/texmf-dist/tex/latex/hyperref/hpdftex.def
File: hpdftex.def 2012/05/13 v6.82q Hyperref driver for pdfTeX
\Fld@listcount=\count127
\c@bookmark@seq@number=\count128

(/usr/share/texlive/texmf-dist/tex/latex/oberdiek/rerunfilecheck.sty
Package: rerunfilecheck 2011/04/15 v1.7 Rerun checks for auxiliary files (HO)
Package uniquecounter Info: New unique counter `rerunfilecheck' on input line 2
82.
)
\Hy@SectionHShift=\skip47
)
\@indexfile=\write4
\openout4 = `document.idx'.


Writing index file document.idx
\@input{doc/gen_macro.aux}
\openout2 = `doc/gen_macro.aux'.

(./doc/gen_macro.tex
(/usr/share/texlive/texmf-dist/tex/latex/listings/lstlang1.sty
File: lstlang1.sty 2004/09/05 1.3 listings language file
))
(./document.aux (./doc/titelseite.aux) (./doc/erklaerung.aux)
(./doc/abstract.aux) (./doc/einleitung.aux) (./doc/grundlagen.aux)
(./doc/konzept.aux) (./doc/realisierung.aux) (./doc/ergebniss.aux)
(./doc/fazit.aux)

LaTeX Warning: Label `OLBFI-2013' multiply defined.

)
\openout1 = `document.aux'.

LaTeX Font Info:    Checking defaults for OML/cmm/m/it on input line 65.
LaTeX Font Info:    ... okay on input line 65.
LaTeX Font Info:    Checking defaults for T1/cmr/m/n on input line 65.
LaTeX Font Info:    ... okay on input line 65.
LaTeX Font Info:    Checking defaults for OT1/cmr/m/n on input line 65.
LaTeX Font Info:    ... okay on input line 65.
LaTeX Font Info:    Checking defaults for OMS/cmsy/m/n on input line 65.
LaTeX Font Info:    ... okay on input line 65.
LaTeX Font Info:    Checking defaults for OMX/cmex/m/n on input line 65.
LaTeX Font Info:    ... okay on input line 65.
LaTeX Font Info:    Checking defaults for U/cmr/m/n on input line 65.
LaTeX Font Info:    ... okay on input line 65.
LaTeX Font Info:    Checking defaults for PD1/pdf/m/n on input line 65.
LaTeX Font Info:    ... okay on input line 65.
LaTeX Font Info:    Try loading font information for T1+ptm on input line 65.
 (/usr/share/texlive/texmf-dist/tex/latex/psnfss/t1ptm.fd
File: t1ptm.fd 2001/06/04 font definitions for T1/ptm.
)
(/usr/share/texlive/texmf-dist/tex/latex/ucs/ucsencs.def
File: ucsencs.def 2011/01/21 Fixes to fontencodings LGR, T3
)
\big@size=\dimen156

ABD: EveryShipout initializing macros
(/usr/share/texlive/texmf-dist/tex/context/base/supp-pdf.mkii
[Loading MPS to PDF converter (version 2006.09.02).]
\scratchcounter=\count129
\scratchdimen=\dimen157
\scratchbox=\box38
\nofMPsegments=\count130
\nofMParguments=\count131
\everyMPshowfont=\toks31
\MPscratchCnt=\count132
\MPscratchDim=\dimen158
\MPnumerator=\count133
\makeMPintoPDFobject=\count134
\everyMPtoPDFconversion=\toks32
) (/usr/share/texlive/texmf-dist/tex/latex/oberdiek/epstopdf-base.sty
Package: epstopdf-base 2010/02/09 v2.5 Base part for package epstopdf

(/usr/share/texlive/texmf-dist/tex/latex/oberdiek/grfext.sty
Package: grfext 2010/08/19 v1.1 Manage graphics extensions (HO)
)
Package grfext Info: Graphics extension search list:
(grfext)             [.png,.pdf,.jpg,.mps,.jpeg,.jbig2,.jb2,.PNG,.PDF,.JPG,.JPE
G,.JBIG2,.JB2,.eps]
(grfext)             \AppendGraphicsExtensions on input line 452.

(/usr/share/texlive/texmf-dist/tex/latex/latexconfig/epstopdf-sys.cfg
File: epstopdf-sys.cfg 2010/07/13 v1.3 Configuration of (r)epstopdf for TeX Liv
e
))
\c@lstlisting=\count135
\AtBeginShipoutBox=\box39
Package hyperref Info: Link coloring ON on input line 65.

(/usr/share/texlive/texmf-dist/tex/latex/hyperref/nameref.sty
Package: nameref 2010/04/30 v2.40 Cross-referencing by name of section

(/usr/share/texlive/texmf-dist/tex/generic/oberdiek/gettitlestring.sty
Package: gettitlestring 2010/12/03 v1.4 Cleanup title references (HO)
)
\c@section@level=\count136
)
LaTeX Info: Redefining \ref on input line 65.
LaTeX Info: Redefining \pageref on input line 65.
LaTeX Info: Redefining \nameref on input line 65.

(./document.out) (./document.out)
\@outlinefile=\write5
\openout5 = `document.out'.

\openout2 = `doc/titelseite.aux'.

 (./doc/titelseite.tex
<pic/h_da.png, id=195, 240.9pt x 90.3375pt>
File: pic/h_da.png Graphic file (type png)
 <use pic/h_da.png>
Package pdftex.def Info: pic/h_da.png used on input line 7.
(pdftex.def)             Requested size: 179.25113pt x 67.22087pt.
LaTeX Font Info:    Font shape `T1/ptm/bx/n' in size <12> not available
(Font)              Font shape `T1/ptm/b/n' tried instead on input line 12.
LaTeX Font Info:    Font shape `T1/ptm/bx/n' in size <17.28> not available
(Font)              Font shape `T1/ptm/b/n' tried instead on input line 12.
LaTeX Font Info:    Try loading font information for OT1+ztmcm on input line 26
.

(/usr/share/texlive/texmf-dist/tex/latex/psnfss/ot1ztmcm.fd
File: ot1ztmcm.fd 2000/01/03 Fontinst v1.801 font definitions for OT1/ztmcm.
)
LaTeX Font Info:    Try loading font information for OML+ztmcm on input line 26
.

(/usr/share/texlive/texmf-dist/tex/latex/psnfss/omlztmcm.fd
File: omlztmcm.fd 2000/01/03 Fontinst v1.801 font definitions for OML/ztmcm.
)
LaTeX Font Info:    Try loading font information for OMS+ztmcm on input line 26
.

(/usr/share/texlive/texmf-dist/tex/latex/psnfss/omsztmcm.fd
File: omsztmcm.fd 2000/01/03 Fontinst v1.801 font definitions for OMS/ztmcm.
)
LaTeX Font Info:    Try loading font information for OMX+ztmcm on input line 26
.

(/usr/share/texlive/texmf-dist/tex/latex/psnfss/omxztmcm.fd
File: omxztmcm.fd 2000/01/03 Fontinst v1.801 font definitions for OMX/ztmcm.
)
LaTeX Font Info:    Try loading font information for OT1+ptm on input line 26.

(/usr/share/texlive/texmf-dist/tex/latex/psnfss/ot1ptm.fd
File: ot1ptm.fd 2001/06/04 font definitions for OT1/ptm.
)
LaTeX Font Info:    Font shape `OT1/ptm/bx/n' in size <12> not available
(Font)              Font shape `OT1/ptm/b/n' tried instead on input line 26.
LaTeX Font Info:    Font shape `OT1/ptm/bx/n' in size <9> not available
(Font)              Font shape `OT1/ptm/b/n' tried instead on input line 26.
LaTeX Font Info:    Font shape `OT1/ptm/bx/n' in size <7> not available
(Font)              Font shape `OT1/ptm/b/n' tried instead on input line 26.
 [1






{/var/lib/texmf/fonts/map/pdftex/updmap/pdftex.map} <./pic/h_da.png>])
\openout2 = `doc/erklaerung.aux'.

 (./doc/erklaerung.tex
LaTeX Font Info:    Try loading font information for T1+phv on input line 1.

(/usr/share/texlive/texmf-dist/tex/latex/psnfss/t1phv.fd
File: t1phv.fd 2001/06/04 scalable font definitions for T1/phv.
)
LaTeX Font Info:    Font shape `T1/phv/m/n' will be
(Font)              scaled to size 11.39996pt on input line 1.
LaTeX Font Info:    Font shape `T1/phv/bx/n' in size <12> not available
(Font)              Font shape `T1/phv/b/n' tried instead on input line 1.
LaTeX Font Info:    Font shape `T1/phv/b/n' will be
(Font)              scaled to size 11.39996pt on input line 1.
LaTeX Font Info:    Font shape `T1/phv/bx/n' in size <17.28> not available
(Font)              Font shape `T1/phv/b/n' tried instead on input line 1.
LaTeX Font Info:    Font shape `T1/phv/b/n' will be
(Font)              scaled to size 16.41594pt on input line 1.

(/usr/share/texlive/texmf-dist/tex/latex/ucs/data/uni-0.def
File: uni-0.def 2012/04/20 UCS: Unicode data U+0000..U+00FF
))
Underfull \hbox (badness 10000) in paragraph at lines 4--71

 []


Overfull \vbox (2.89444pt too high) has occurred while \output is active []


[2


]
\openout2 = `doc/abstract.aux'.

 (./doc/abstract.tex
Package acronym Info: Label `acro:SDB' newly defined as it shall be overridden
although it is yet undefined on input line 6.
LaTeX Font Info:    Font shape `OT1/ptm/bx/n' in size <10> not available
(Font)              Font shape `OT1/ptm/b/n' tried instead on input line 8.
LaTeX Font Info:    Font shape `OT1/ptm/bx/n' in size <7.4> not available
(Font)              Font shape `OT1/ptm/b/n' tried instead on input line 8.
LaTeX Font Info:    Font shape `OT1/ptm/bx/n' in size <6> not available
(Font)              Font shape `OT1/ptm/b/n' tried instead on input line 8.
Package acronym Info: Label `acro:REST' newly defined as it shall be overridden

although it is yet undefined on input line 16.
Package acronym Info: Label `acro:URI' newly defined as it shall be overridden
although it is yet undefined on input line 19.
Package acronym Info: Label `acro:HTTP' newly defined as it shall be overridden

although it is yet undefined on input line 22.
Package acronym Info: Label `acro:MVC' newly defined as it shall be overridden
although it is yet undefined on input line 31.
)
Overfull \vbox (2.89444pt too high) has occurred while \output is active []


[3


]
LaTeX Font Info:    Font shape `T1/phv/bx/n' in size <24.88> not available
(Font)              Font shape `T1/phv/b/n' tried instead on input line 74.
LaTeX Font Info:    Font shape `T1/phv/b/n' will be
(Font)              scaled to size 23.63593pt on input line 74.
 (./document.toc [4



]
Overfull \hbox (4.16231pt too wide) in paragraph at lines 34--34
 [][][] [][][]\T1/ptm/m/n/12 Vergleich der Da-ten-bank-sy-ste-me zum Spei-chern
 der Da-ten-s‰t-ze (Ac- 
 []


Overfull \hbox (1.0309pt too wide) in paragraph at lines 37--37
 [][][] [][][]\T1/ptm/m/n/12 Vergleich der Be-nut-ze-ro-ber-fl‰-chen und Funk-t
io-na-li-t‰-ten von euSDB 
 []

)
\tf@toc=\write6
\openout6 = `document.toc'.


Overfull \vbox (2.89444pt too high) has occurred while \output is active []


[5] (./document.lof)
\tf@lof=\write7
\openout7 = `document.lof'.

 [6


] (./document.lot)
\tf@lot=\write8
\openout8 = `document.lot'.



Class scrbook Warning: Usage of deprecated \float@listhead!
(scrbook)              You should use the features of package `tocbasic'
(scrbook)              instead of \float@listhead.
(scrbook)              Definition of \float@listhead my be removed from
(scrbook)              `scrbook' soon, so it should not be used  on input line 
77.

[7


] (./document.lol
Overfull \hbox (10.82228pt too wide) in paragraph at lines 11--11
 [][][] [][][]\T1/ptm/m/n/12 Einstellungen ei-nes Django-Projektes zur An-steue
-rung ei-nes MySQL- 
 []

[8


])
\tf@lol=\write9
\openout9 = `document.lol'.


Overfull \vbox (2.89444pt too high) has occurred while \output is active []


[9]
\openout2 = `doc/einleitung.aux'.

 (./doc/einleitung.tex
Kapitel 1.

Class scrbook Warning: \float@addtolists detected!
(scrbook)              You should use the features of package `tocbasic'
(scrbook)              instead of \float@addtolists.
(scrbook)              Support for \float@addtolists may be removed from
(scrbook)              `scrbook' soon .

Package acronym Info: Label `acro:GHS' newly defined as it shall be overridden
although it is yet undefined on input line 10.

Underfull \hbox (badness 1107) in paragraph at lines 25--31
\T1/ptm/m/n/12 falls um Pik-to-gram-me. Sie war-nen nicht nur vor
 []


Underfull \hbox (badness 3189) in paragraph at lines 25--31
\T1/ptm/m/n/12 che-mi-schen, son-dern auch vor elek-tri-schen oder
 []


Underfull \hbox (badness 1210) in paragraph at lines 25--31
\T1/ptm/m/n/12 py-si-ka-li-schen Ri-si-ken und Ge-fah-ren. Die Hazard-
 []


Underfull \hbox (badness 6284) in paragraph at lines 32--36
[]\T1/ptm/m/n/12 Die H-S‰tze wur-den zeit-gleich mit der [][]-
 []


Overfull \hbox (4.08183pt too wide) in paragraph at lines 8--55
[][][]
 []


Underfull \hbox (badness 10000) in paragraph at lines 55--55
[][]\T1/ptm/m/n/12 Wichtige In-for-ma-tio-nen und de-ren Be-deu-tung in ei-nem
 []


LaTeX Warning: Float too large for page by 37.13097pt on input line 56.


! LaTeX Error: There's no line here to end.

See the LaTeX manual or LaTeX Companion for explanation.
Type  H <return>  for immediate help.
 ...                                              
                                                  
l.58 N
      ationale Gesetze als auch internationale Richtlinien zwingen die Produ...

Your command was ignored.
Type  I <command> <return>  to replace it with another command,
or  <return>  to continue without it.

Package acronym Info: Label `acro:PDF' newly defined as it shall be overridden
although it is yet undefined on input line 98.
<pic/ausgabeformate.jpg, id=440, 471.7625pt x 185.69376pt>
File: pic/ausgabeformate.jpg Graphic file (type jpg)

<use pic/ausgabeformate.jpg>
Package pdftex.def Info: pic/ausgabeformate.jpg used on input line 109.
(pdftex.def)             Requested size: 318.67207pt x 125.43704pt.
Package acronym Info: Label `acro:API' newly defined as it shall be overridden
although it is yet undefined on input line 119.
Package acronym Info: Label `acro:HTML' newly defined as it shall be overridden

although it is yet undefined on input line 127.
Package acronym Info: Label `acro:JSON' newly defined as it shall be overridden

although it is yet undefined on input line 127.
Package acronym Info: Label `acro:XML' newly defined as it shall be overridden
although it is yet undefined on input line 128.
 [10



]
Overfull \vbox (2.89444pt too high) has occurred while \output is active []


[11]
Overfull \vbox (2.89444pt too high) has occurred while \output is active []


[12 <./pic/ausgabeformate.jpg>]
<pic/funktionsumfang.jpg, id=474, 796.9775pt x 328.22626pt>
File: pic/funktionsumfang.jpg Graphic file (type jpg)

<use pic/funktionsumfang.jpg>
Package pdftex.def Info: pic/funktionsumfang.jpg used on input line 152.
(pdftex.def)             Requested size: 318.67207pt x 131.23808pt.

Overfull \vbox (2.89444pt too high) has occurred while \output is active []


[13 <./pic/funktionsumfang.jpg>])
Overfull \hbox (2.99835pt too wide) in paragraph at lines 173--79
\T1/ptm/m/n/12 ge-nutzt. Die The-men-fel-der wur-den um ei-ni-ge The-men, wie V
oll-text-su-che und [][],
 []


Overfull \vbox (2.89444pt too high) has occurred while \output is active []


[14]
\openout2 = `doc/grundlagen.aux'.

 (./doc/grundlagen.tex
Kapitel 2.
! Illegal parameter number in definition of \Hy@tempa.
<to be read again> 
                   m
l.33 ...1.htm#mj311565c5c46a3b13daf9951e408cac80}}
                                                  
You meant to type ## instead of #, right?
Or maybe a } was forgotten somewhere earlier, and things
are all screwed up? I'm going to assume that you meant ##.

! Illegal parameter number in definition of \Hy@tempa.
<to be read again> 
                   m
l.33 ...1.htm#mj311565c5c46a3b13daf9951e408cac80}}
                                                  
You meant to type ## instead of #, right?
Or maybe a } was forgotten somewhere earlier, and things
are all screwed up? I'm going to assume that you meant ##.

LaTeX Font Info:    Try loading font information for T1+pcr on input line 33.
(/usr/share/texlive/texmf-dist/tex/latex/psnfss/t1pcr.fd
File: t1pcr.fd 2001/06/04 font definitions for T1/pcr.
)
Underfull \hbox (badness 10000) in paragraph at lines 33--33
[][][]\T1/ptm/m/n/10 Diese Quel-le fin-det sich auch un-ter fol-gen-dem Link al
s Web-sei-te: [][]$\T1/pcr/m/n/10 http :
 []


Underfull \hbox (badness 10000) in paragraph at lines 33--33
\T1/pcr/m/n/10 / / openbook . galileocomputing . de / oop / oop _ kapitel _ 01 
_ 001 . htm #
 []

Package acronym Info: Label `acro:PSF' newly defined as it shall be overridden
although it is yet undefined on input line 49.
Package acronym Info: Label `acro:GPL' newly defined as it shall be overridden
although it is yet undefined on input line 50.
[15




]

! LaTeX Error: There's no line here to end.

See the LaTeX manual or LaTeX Companion for explanation.
Type  H <return>  for immediate help.
 ...                                              
                                                  
l.55 E
      in herausragendes Merkmal von \sona{Python} ist seine hohe Flexibilit√...

Your command was ignored.
Type  I <command> <return>  to replace it with another command,
or  <return>  to continue without it.


Overfull \hbox (8.48213pt too wide) in paragraph at lines 55--61
\T1/ptm/m/n/12 ge-setzt. Die Wich-tig-keit von  \T1/ptm/m/it/12 Py-thon  \T1/pt
m/m/n/12 im wach-sen-den Markt von Embedded-Systemen
 []

LaTeX Font Info:    Font shape `T1/pcr/bx/n' in size <8> not available
(Font)              Font shape `T1/pcr/b/n' tried instead on input line 62.

! LaTeX Error: There's no line here to end.

See the LaTeX manual or LaTeX Companion for explanation.
Type  H <return>  for immediate help.
 ...                                              
                                                  
l.70 \sona
          {Python} ist mit dem Anspruch entwickelt worden, f√ºr den Entwickl...

Your command was ignored.
Type  I <command> <return>  to replace it with another command,
or  <return>  to continue without it.


Overfull \vbox (2.89444pt too high) has occurred while \output is active []


[16] <pic/MTV_1.jpg, id=537, 796.9775pt x 580.1675pt>
File: pic/MTV_1.jpg Graphic file (type jpg)
 <use pic/MTV_1.jpg>
Package pdftex.def Info: pic/MTV_1.jpg used on input line 113.
(pdftex.def)             Requested size: 318.67207pt x 231.97435pt.
Package acronym Info: Label `acro:MTV' newly defined as it shall be overridden
although it is yet undefined on input line 120.
Package acronym Info: Label `acro:DRY' newly defined as it shall be overridden
although it is yet undefined on input line 133.

<pic/ordnerhirachie_basis.jpg, id=545, 582.175pt x 441.65pt>
File: pic/ordnerhirachie_basis.jpg Graphic file (type jpg)

<use pic/ordnerhirachie_basis.jpg>
Package pdftex.def Info: pic/ordnerhirachie_basis.jpg used on input line 140.
(pdftex.def)             Requested size: 239.00557pt x 181.31352pt.

Underfull \hbox (badness 1210) in paragraph at lines 150--159
[]\T1/ptm/m/n/12 Das  \T1/ptm/m/it/12 Djan-go \T1/ptm/m/n/12 -Framework ent-h‰l
t ei-ne Da-tei
 []


Underfull \hbox (badness 1067) in paragraph at lines 150--159
\T1/ptm/m/n/12 In ihr ist auch ein Webser-ver zum Test des
 []


Underfull \hbox (badness 1158) in paragraph at lines 150--159
\T1/ptm/m/n/12 wer-den kann und setzt die Va-ria-ble ^^RDJAN-
 []

Package acronym Info: Label `acro:URL' newly defined as it shall be overridden
although it is yet undefined on input line 171.
Package acronym Info: Label `acro:APP' newly defined as it shall be overridden
although it is yet undefined on input line 197.
<pic/ordnerhirachie_mit_app.jpg, id=557, 572.1375pt x 732.7375pt>
File: pic/ordnerhirachie_mit_app.jpg Graphic file (type jpg)

<use pic/ordnerhirachie_mit_app.jpg>
Package pdftex.def Info: pic/ordnerhirachie_mit_app.jpg used on input line 206.

(pdftex.def)             Requested size: 239.00557pt x 306.09291pt.

Overfull \vbox (2.89444pt too high) has occurred while \output is active []


[17]
Overfull \vbox (2.89444pt too high) has occurred while \output is active []


[18 <./pic/MTV_1.jpg>]
Overfull \vbox (2.89444pt too high) has occurred while \output is active []


[19]
Overfull \hbox (1.76234pt too wide) in paragraph at lines 238--244
\T1/ptm/m/n/12 fach-heit bei We-ban-wen-dun-gen ge-w‰hr-lei-stet wer-den soll. 
Die For-de-run-gen des Kon-
 []


Overfull \vbox (2.89444pt too high) has occurred while \output is active []


[20 <./pic/ordnerhirachie_basis.jpg>]
LaTeX Font Info:    Try loading font information for OMS+ptm on input line 245.


(/usr/share/texlive/texmf-dist/tex/latex/psnfss/omsptm.fd
File: omsptm.fd 
)
LaTeX Font Info:    Font shape `OMS/ptm/m/n' in size <12> not available
(Font)              Font shape `OMS/cmsy/m/n' tried instead on input line 245.

Overfull \vbox (2.89444pt too high) has occurred while \output is active []


[21 <./pic/ordnerhirachie_mit_app.jpg>]
LaTeX Font Info:    Font shape `T1/phv/bx/n' in size <14.4> not available
(Font)              Font shape `T1/phv/b/n' tried instead on input line 263.
LaTeX Font Info:    Font shape `T1/phv/b/n' will be
(Font)              scaled to size 13.67995pt on input line 263.


! LaTeX Error: There's no line here to end.

See the LaTeX manual or LaTeX Companion for explanation.
Type  H <return>  for immediate help.
 ...                                              
                                                  
l.288 J
       e mehr Datenformate bzw. Repr√§sentationen beim Abruf von Ressourcen
Your command was ignored.
Type  I <command> <return>  to replace it with another command,
or  <return>  to continue without it.


Overfull \vbox (2.89444pt too high) has occurred while \output is active []


[22]
Overfull \vbox (2.89444pt too high) has occurred while \output is active []


[23]
Package acronym Info: Label `acro:CRUD' newly defined as it shall be overridden

although it is yet undefined on input line 385.

Overfull \hbox (9.37059pt too wide) in paragraph at lines 367--395
\T1/ptm/m/n/12 Eine na-t¸r-li-che und in-tui-ti-ve Hand-ha-bung ei-ner We-ban-w
en-dung mit [][]-konformer
 []


Overfull \vbox (2.89444pt too high) has occurred while \output is active []


[24] <pic/aufbau_es_rep.jpg, id=676, 732.7375pt x 461.725pt>
File: pic/aufbau_es_rep.jpg Graphic file (type jpg)

<use pic/aufbau_es_rep.jpg>
Package pdftex.def Info: pic/aufbau_es_rep.jpg used on input line 453.
(pdftex.def)             Requested size: 278.83578pt x 175.7039pt.

<pic/aufbau_es_dat.jpg, id=679, 662.475pt x 421.575pt>
File: pic/aufbau_es_dat.jpg Graphic file (type jpg)

<use pic/aufbau_es_dat.jpg>
Package pdftex.def Info: pic/aufbau_es_dat.jpg used on input line 493.
(pdftex.def)             Requested size: 358.50227pt x 228.13599pt.

Overfull \vbox (2.89444pt too high) has occurred while \output is active []


[25]
Overfull \vbox (2.89444pt too high) has occurred while \output is active []


[26 <./pic/aufbau_es_rep.jpg>]
Overfull \vbox (2.89444pt too high) has occurred while \output is active []


[27 <./pic/aufbau_es_dat.jpg>])
Overfull \vbox (2.89444pt too high) has occurred while \output is active []


[28]
\openout2 = `doc/konzept.aux'.

 (./doc/konzept.tex
Kapitel 3.
Package acronym Info: Label `acro:SQL' newly defined as it shall be overridden
although it is yet undefined on input line 13.
<pic/db_entwurf.png, id=707, 1004.75375pt x 1430.34375pt>
File: pic/db_entwurf.png Graphic file (type png)

<use pic/db_entwurf.png>
Package pdftex.def Info: pic/db_entwurf.png used on input line 31.
(pdftex.def)             Requested size: 394.35738pt x 561.38934pt.
 [29




]
Overfull \vbox (2.89444pt too high) has occurred while \output is active []


[30 <./pic/db_entwurf.png>]
Overfull \vbox (2.89444pt too high) has occurred while \output is active []


[31] <pic/aufbau_es_dat_chem.jpg, id=736, 475.7775pt x 306.14375pt>
File: pic/aufbau_es_dat_chem.jpg Graphic file (type jpg)

<use pic/aufbau_es_dat_chem.jpg>
Package pdftex.def Info: pic/aufbau_es_dat_chem.jpg used on input line 103.
(pdftex.def)             Requested size: 318.67207pt x 205.06384pt.


! LaTeX Error: There's no line here to end.

See the LaTeX manual or LaTeX Companion for explanation.
Type  H <return>  for immediate help.
 ...                                              
                                                  
l.111 D
       as System, das zur Suche eingesetzt wird, hei√üt \sona{elasticsearch}...

Your command was ignored.
Type  I <command> <return>  to replace it with another command,
or  <return>  to continue without it.


Overfull \vbox (2.89444pt too high) has occurred while \output is active []


[32 <./pic/aufbau_es_dat_chem.jpg>]
<pic/django_module.jpg, id=745, 712.6625pt x 341.275pt>
File: pic/django_module.jpg Graphic file (type jpg)

<use pic/django_module.jpg>
Package pdftex.def Info: pic/django_module.jpg used on input line 137.
(pdftex.def)             Requested size: 318.67207pt x 152.60374pt.

Overfull \vbox (2.89444pt too high) has occurred while \output is active []


[33 <./pic/django_module.jpg>]

! LaTeX Error: There's no line here to end.

See the LaTeX manual or LaTeX Companion for explanation.
Type  H <return>  for immediate help.
 ...                                              
                                                  
l.182 A
       uf diese Weise soll nach der Eingabe von Zeile 1 des Listing
Your command was ignored.
Type  I <command> <return>  to replace it with another command,
or  <return>  to continue without it.

Package acronym Info: Label `acro:UTF-8' newly defined as it shall be overridde
n
although it is yet undefined on input line 194.
<pic/baum_rest.jpg, id=782, 796.9775pt x 1054.94125pt>
File: pic/baum_rest.jpg Graphic file (type jpg)
 <use pic/baum_rest.jpg>
Package pdftex.def Info: pic/baum_rest.jpg used on input line 197.
(pdftex.def)             Requested size: 298.75392pt x 395.45712pt.

Overfull \hbox (34.34183pt too wide) in paragraph at lines 182--218
\T1/ptm/m/n/12 Zun‰chst ist es ge-plant, nur ein Ab-ru-fen von [][] mit-tels de
r [][]-GET-Standardmethode
 []


LaTeX Warning: `h' float specifier changed to `ht'.


Overfull \vbox (2.89444pt too high) has occurred while \output is active []


[34]

! LaTeX Error: There's no line here to end.

See the LaTeX manual or LaTeX Companion for explanation.
Type  H <return>  for immediate help.
 ...                                              
                                                  
l.222 B
       eim Anzeigen von Listen werden bei mehr als 20 Objekten Seiten
Your command was ignored.
Type  I <command> <return>  to replace it with another command,
or  <return>  to continue without it.

)
Overfull \vbox (2.89444pt too high) has occurred while \output is active []


[35]
Overfull \vbox (2.89444pt too high) has occurred while \output is active []


[36 <./pic/baum_rest.jpg>]
\openout2 = `doc/realisierung.aux'.

 (./doc/realisierung.tex
Kapitel 4.

Overfull \hbox (1.66643pt too wide) in paragraph at lines 7--17
\T1/ptm/m/n/12 tings.py^^P (sie-he An-hang [][]C.3[][]) im Kon-fi-gu-ra-ti-ons-
ver-zeich-nis vor-ge-nom-men. Die Zen-
 []


! LaTeX Error: There's no line here to end.

See the LaTeX manual or LaTeX Companion for explanation.
Type  H <return>  for immediate help.
 ...                                              
                                                  
l.30 D
      ie Eintr√§ge in der "`settings.py"', die hier auch noch mal in Listing
Your command was ignored.
Type  I <command> <return>  to replace it with another command,
or  <return>  to continue without it.

[37




]

! Package xcolor Error: Undefined color `middlegray'.

See the xcolor package documentation for explanation.
Type  H <return>  for immediate help.
 ...                                              
                                                  
l.44     """
            Chemical model."""
Try typing  <return>  to proceed.
If that doesn't work, type  X <return>  to quit.


! Package xcolor Error: Undefined color `middlegray'.

See the xcolor package documentation for explanation.
Type  H <return>  for immediate help.
 ...                                              
                                                  
l.44     """
            Chemical model."""
Try typing  <return>  to proceed.
If that doesn't work, type  X <return>  to quit.


! Package xcolor Error: Undefined color `middlegray'.

See the xcolor package documentation for explanation.
Type  H <return>  for immediate help.
 ...                                              
                                                  
l.44     """Chemical 
                     model."""
Try typing  <return>  to proceed.
If that doesn't work, type  X <return>  to quit.


! Package xcolor Error: Undefined color `middlegray'.

See the xcolor package documentation for explanation.
Type  H <return>  for immediate help.
 ...                                              
                                                  
l.44     """Chemical 
                     model."""
Try typing  <return>  to proceed.
If that doesn't work, type  X <return>  to quit.


! Package xcolor Error: Undefined color `middlegray'.

See the xcolor package documentation for explanation.
Type  H <return>  for immediate help.
 ...                                              
                                                  
l.44     """Chemical model.
                           """
Try typing  <return>  to proceed.
If that doesn't work, type  X <return>  to quit.


! Package xcolor Error: Undefined color `middlegray'.

See the xcolor package documentation for explanation.
Type  H <return>  for immediate help.
 ...                                              
                                                  
l.44     """Chemical model."""
                              
Try typing  <return>  to proceed.
If that doesn't work, type  X <return>  to quit.


! Package xcolor Error: Undefined color `middlegray'.

See the xcolor package documentation for explanation.
Type  H <return>  for immediate help.
 ...                                              
                                                  
l.44     """Chemical model."""
                              
Try typing  <return>  to proceed.
If that doesn't work, type  X <return>  to quit.


! LaTeX Error: There's no line here to end.

See the LaTeX manual or LaTeX Companion for explanation.
Type  H <return>  for immediate help.
 ...                                              
                                                  
l.64 I
      n der Datei "`models.py"' einer jeden \ac{APP} werden die einzelnen Ta...

Your command was ignored.
Type  I <command> <return>  to replace it with another command,
or  <return>  to continue without it.

! Undefined control sequence.
l.69 f√ºr die \acc
                  {APP}, der die Tabelle zuzuordnen ist, das zweite f√ºr die
The control sequence at the end of the top line
of your error message was never \def'ed. If you have
misspelled it (e.g., `\hobx'), type `I' and the correct
spelling (e.g., `I\hbox'). Otherwise just continue,
and I'll forget about whatever was undefined.


Overfull \vbox (2.89444pt too high) has occurred while \output is active []


[38]

! LaTeX Error: There's no line here to end.

See the LaTeX manual or LaTeX Companion for explanation.
Type  H <return>  for immediate help.
 ...                                              
                                                  
l.104 D
       ie Datei mit allen Model-Klassen ist im Anhang \ref{model_py} angef√ºgt.

Your command was ignored.
Type  I <command> <return>  to replace it with another command,
or  <return>  to continue without it.


Overfull \vbox (2.89444pt too high) has occurred while \output is active []


[39]

! LaTeX Error: There's no line here to end.

See the LaTeX manual or LaTeX Companion for explanation.
Type  H <return>  for immediate help.
 ...                                              
                                                  
l.156 D
       ie im Listing \ref{lst:urls} gezeigten \ac{URI}-Muster realisieren diese

Your command was ignored.
Type  I <command> <return>  to replace it with another command,
or  <return>  to continue without it.


Overfull \vbox (2.89444pt too high) has occurred while \output is active []


[40]

! LaTeX Error: There's no line here to end.

See the LaTeX manual or LaTeX Companion for explanation.
Type  H <return>  for immediate help.
 ...                                              
                                                  
l.215 R
       essourcen werden zur Verarbeitung durch Views serialisiert.
Your command was ignored.
Type  I <command> <return>  to replace it with another command,
or  <return>  to continue without it.


Underfull \hbox (badness 10000) in paragraph at lines 215--234

 []


Overfull \vbox (2.89444pt too high) has occurred while \output is active []


[41]

! LaTeX Error: There's no line here to end.

See the LaTeX manual or LaTeX Companion for explanation.
Type  H <return>  for immediate help.
 ...                                              
                                                  
l.282 D
       ie Views erzeugen die Repr√§sentationen, die der Kunde von \sona{euSD...

Your command was ignored.
Type  I <command> <return>  to replace it with another command,
or  <return>  to continue without it.


Overfull \vbox (2.89444pt too high) has occurred while \output is active []


[42]

! LaTeX Error: There's no line here to end.

See the LaTeX manual or LaTeX Companion for explanation.
Type  H <return>  for immediate help.
 ...                                              
                                                  
l.335 D
       er Befehl aus Listing \ref{lst:url_def} funktioniert wie folgt:
Your command was ignored.
Type  I <command> <return>  to replace it with another command,
or  <return>  to continue without it.


Overfull \vbox (2.89444pt too high) has occurred while \output is active []


[43]
Overfull \hbox (9.97037pt too wide) in paragraph at lines 335--342
\T1/ptm/m/n/12 kup_field) ein ID-Feld (id_...) der zu ver-lin-ken-den Res-sour-
ce ver-wen-det. Am Schluss
 []


! LaTeX Error: There's no line here to end.

See the LaTeX manual or LaTeX Companion for explanation.
Type  H <return>  for immediate help.
 ...                                              
                                                  
l.352 B
       ei der Vergabe von Links in der Detailansicht gibt es zwei Links. Einer
Your command was ignored.
Type  I <command> <return>  to replace it with another command,
or  <return>  to continue without it.


! LaTeX Error: There's no line here to end.

See the LaTeX manual or LaTeX Companion for explanation.
Type  H <return>  for immediate help.
 ...                                              
                                                  
l.379 D
       ie von dem "`CompanyData\_List\_Serializer"' gelieferten Daten werden...

Your command was ignored.
Type  I <command> <return>  to replace it with another command,
or  <return>  to continue without it.


Overfull \vbox (2.89444pt too high) has occurred while \output is active []


[44]
Underfull \hbox (badness 1087) in paragraph at lines 395--395
[]\T1/ptm/m/n/12 Steuerung und Va-li-die-rung des Pa-ging in der View (Res-sour
-ce:
 []


! LaTeX Error: There's no line here to end.

See the LaTeX manual or LaTeX Companion for explanation.
Type  H <return>  for immediate help.
 ...                                              
                                                  
l.397 I
       n Listing \ref{lst:paging_view} wird in Zeile 1 ein Standardwert f√ºr...

Your command was ignored.
Type  I <command> <return>  to replace it with another command,
or  <return>  to continue without it.


! LaTeX Error: There's no line here to end.

See the LaTeX manual or LaTeX Companion for explanation.
Type  H <return>  for immediate help.
 ...                                              
                                                  
l.429 D
       ie Suchfunktion ist in einer eigenen \ac{APP} ausgelagert. Die
Your command was ignored.
Type  I <command> <return>  to replace it with another command,
or  <return>  to continue without it.


Overfull \vbox (2.89444pt too high) has occurred while \output is active []


[45])
Overfull \vbox (2.89444pt too high) has occurred while \output is active []


[46]
\openout2 = `doc/ergebniss.aux'.

 (./doc/ergebniss.tex
Kapitel 5.

Underfull \hbox (badness 10000) in paragraph at lines 8--71

 []

[47




]
Package acronym Info: Label `acro:PHP' newly defined as it shall be overridden
although it is yet undefined on input line 79.

Overfull \hbox (13.30151pt too wide) in paragraph at lines 75--111
[]\T1/ptm/m/n/12 Das Vor-g‰n-ger-sy-stem des neu zu ent-wickeln-den Sy-stems is
t mit dem  \T1/ptm/m/it/12 Slim [][][][][]\T1/ptm/m/n/12 -Framwork
 []


Overfull \vbox (2.89444pt too high) has occurred while \output is active []


[48]
Overfull \vbox (2.89444pt too high) has occurred while \output is active []


[49]

! LaTeX Error: There's no line here to end.

See the LaTeX manual or LaTeX Companion for explanation.
Type  H <return>  for immediate help.
 ...                                              
                                                  
l.164 H
       ypermedia, also die Verlinkung von Ressourcen untereinander, ist im
Your command was ignored.
Type  I <command> <return>  to replace it with another command,
or  <return>  to continue without it.


Overfull \vbox (2.89444pt too high) has occurred while \output is active []


[50])
Overfull \vbox (2.89444pt too high) has occurred while \output is active []


[51]
Overfull \vbox (2.89444pt too high) has occurred while \output is active []


[52]
\openout2 = `doc/fazit.aux'.

 (./doc/fazit.tex
Kapitel 6.

! LaTeX Error: There's no line here to end.

See the LaTeX manual or LaTeX Companion for explanation.
Type  H <return>  for immediate help.
 ...                                              
                                                  
l.38 L
      isting \ref{lst:bsp_inkon} zeigt die inkonsistente Darstellung der S-S...

Your command was ignored.
Type  I <command> <return>  to replace it with another command,
or  <return>  to continue without it.


Underfull \hbox (badness 10000) in paragraph at lines 38--124

 []

[53




]
Overfull \vbox (2.89444pt too high) has occurred while \output is active []


[54])
Overfull \vbox (2.89444pt too high) has occurred while \output is active []


[55]
Overfull \vbox (2.89444pt too high) has occurred while \output is active []


[56]
Overfull \vbox (2.89444pt too high) has occurred while \output is active []


[57] (./doc/literaturverzeichnis.tex
No file document.bbl.

Underfull \hbox (badness 10000) in paragraph at lines 16--18
[][]\T1/ptm/m/n/12 Elasticsearch BV: ela-stic-search. [][]$\T1/pcr/m/n/12 http 
: / / www .
 []


Underfull \hbox (badness 2229) in paragraph at lines 18--20
\T1/pcr/m/n/12 www . django-[]workshop . de$[][]\T1/ptm/m/n/12 , 2012, zu-letzt
 be-sucht am
 []


Underfull \hbox (badness 10000) in paragraph at lines 20--24
[][]\T1/ptm/m/n/12 Oliver B. Fi-scher: Search and de-stroy:
 []


Underfull \hbox (badness 10000) in paragraph at lines 20--24
\T1/ptm/m/n/12 Voll-text-su-che mit Ela-stic-Search. [][]$\T1/pcr/m/n/12 http :
 / /
 []


Underfull \hbox (badness 10000) in paragraph at lines 20--24
\T1/pcr/m/n/12 www . heise . de / developer / artikel /
 []


Underfull \hbox (badness 10000) in paragraph at lines 20--24
\T1/pcr/m/n/12 Volltextsuche-[]mit-[]ElasticSearch-[]1920454 .
 []


Underfull \hbox (badness 1701) in paragraph at lines 26--28
[][]\T1/ptm/m/n/12 Kaiser, Pe-ter; Er-ne-sti, Jo-han-nes: Py-thon: Das um-fas-s
en-de
 []


Underfull \hbox (badness 10000) in paragraph at lines 28--32
\T1/pcr/m/n/12 de / ix / artikel / Immer-[]flexibel-[]1440270 . html$[][]\T1/pt
m/m/n/12 ,
 []


Underfull \hbox (badness 10000) in paragraph at lines 32--36
[][]\T1/ptm/m/n/12 Grimm, Rai-ner: Funk-tio-na-le Pro-gram-
 []


Underfull \hbox (badness 10000) in paragraph at lines 32--36
\T1/ptm/m/n/12 mie-rung (1): Grund-z¸-ge. [][]$\T1/pcr/m/n/12 http : / / www .
 []


Underfull \hbox (badness 10000) in paragraph at lines 32--36
\T1/pcr/m/n/12 linux-[]magazin . de / Online-[]Artikel /
 []


Underfull \hbox (badness 10000) in paragraph at lines 32--36
\T1/pcr/m/n/12 Funktionale-[]Programmierung-[]1-[]Grundzuege$[][]\T1/ptm/m/n/12
 ,
 []

[58




pdfTeX warning (ext4): destination with the same identifier (name{cite.OLBFI-20
13}) has been already used, duplicate ignored

\@EveryShipout@Output ...@Org@Shipout \box \@cclv 
                                                  
l.36 \bibitem [STETIL-2009]{STETIL-2009}
                                         Tilkov, Stephan: REST und HTTP: Ein...
]
Underfull \hbox (badness 10000) in paragraph at lines 41--43
[][]\T1/ptm/m/n/12 The Apa-che Soft-wa-re Foun-da-ti-on: Lu-ce-ne. [][]$\T1/pcr
/m/n/12 http :
 []


Underfull \hbox (badness 10000) in paragraph at lines 43--48
\T1/ptm/m/n/12 Verordnung. [][]$\T1/pcr/m/n/12 https : / / www . vci . de / dow
nloads /
 []


Underfull \hbox (badness 2990) in paragraph at lines 43--48
\T1/pcr/m/n/12 123464-[]lf _ sdb . pdf$[][]\T1/ptm/m/n/12 , April 2008, zu-letz
t be-sucht am
 []

) (./doc/glossar.tex
Overfull \vbox (2.89444pt too high) has occurred while \output is active []


[59]
Anhang B.
[60


] (/usr/share/texlive/texmf-dist/tex/latex/ucs/data/uni-32.def
File: uni-32.def 2012/04/20 UCS: Unicode data U+2000..U+20FF
)
Overfull \vbox (2.89444pt too high) has occurred while \output is active []


[61]
Overfull \vbox (2.89444pt too high) has occurred while \output is active []


[62]
Overfull \vbox (2.89444pt too high) has occurred while \output is active []


[63]) (./doc/anhang.tex
Overfull \vbox (2.89444pt too high) has occurred while \output is active []


[64]
Anhang C.

! Package xcolor Error: Undefined color `yac'.

See the xcolor package documentation for explanation.
Type  H <return>  for immediate help.
 ...                                              
                                                  
l.25 <root>
           
Try typing  <return>  to proceed.
If that doesn't work, type  X <return>  to quit.


! Package xcolor Error: Undefined color `yac'.

See the xcolor package documentation for explanation.
Type  H <return>  for immediate help.
 ...                                              
                                                  
l.28 </root>
            
Try typing  <return>  to proceed.
If that doesn't work, type  X <return>  to quit.

[65


]
Overfull \hbox (29.46562pt too wide) in paragraph at lines 63--64
[][][][][][][][][][][][][][][][][][][][][][][][][][][][][][][][][][][][][][][][
][][][][] 
 []


Overfull \vbox (2.89444pt too high) has occurred while \output is active []


[66]
Overfull \vbox (2.89444pt too high) has occurred while \output is active []


[67]

! Package xcolor Error: Undefined color `middlegray'.

See the xcolor package documentation for explanation.
Type  H <return>  for immediate help.
 ...                                              
                                                  
l.196 #
        encoding: utf-8
Try typing  <return>  to proceed.
If that doesn't work, type  X <return>  to quit.


! Package xcolor Error: Undefined color `middlegray'.

See the xcolor package documentation for explanation.
Type  H <return>  for immediate help.
 ...                                              
                                                  
l.196 # 
        encoding: utf-8
Try typing  <return>  to proceed.
If that doesn't work, type  X <return>  to quit.


! Package xcolor Error: Undefined color `middlegray'.

See the xcolor package documentation for explanation.
Type  H <return>  for immediate help.
 ...                                              
                                                  
l.196 # encoding:
                  utf-8
Try typing  <return>  to proceed.
If that doesn't work, type  X <return>  to quit.


! Package xcolor Error: Undefined color `middlegray'.

See the xcolor package documentation for explanation.
Type  H <return>  for immediate help.
 ...                                              
                                                  
l.196 # encoding: 
                  utf-8
Try typing  <return>  to proceed.
If that doesn't work, type  X <return>  to quit.


! Package xcolor Error: Undefined color `middlegray'.

See the xcolor package documentation for explanation.
Type  H <return>  for immediate help.
 ...                                              
                                                  
l.196 # encoding: 
                  utf-8
Try typing  <return>  to proceed.
If that doesn't work, type  X <return>  to quit.


! Package xcolor Error: Undefined color `middlegray'.

See the xcolor package documentation for explanation.
Type  H <return>  for immediate help.
 ...                                              
                                                  
l.196 # encoding: utf-
                      8
Try typing  <return>  to proceed.
If that doesn't work, type  X <return>  to quit.


! Package xcolor Error: Undefined color `middlegray'.

See the xcolor package documentation for explanation.
Type  H <return>  for immediate help.
 ...                                              
                                                  
l.196 # encoding: utf-8
                       
Try typing  <return>  to proceed.
If that doesn't work, type  X <return>  to quit.


Overfull \vbox (2.89444pt too high) has occurred while \output is active []


[68]
Overfull \vbox (2.89444pt too high) has occurred while \output is active []


[69]
Overfull \vbox (2.89444pt too high) has occurred while \output is active []


[70]
Overfull \vbox (2.89444pt too high) has occurred while \output is active []


[71]
Overfull \vbox (2.89444pt too high) has occurred while \output is active []


[72])
Package atveryend Info: Empty hook `BeforeClearDocument' on input line 94.

Overfull \vbox (2.89444pt too high) has occurred while \output is active []


[73]
Package atveryend Info: Empty hook `AfterLastShipout' on input line 94.
 (./document.aux (./doc/titelseite.aux) (./doc/erklaerung.aux)
(./doc/abstract.aux) (./doc/einleitung.aux) (./doc/grundlagen.aux)
(./doc/konzept.aux) (./doc/realisierung.aux) (./doc/ergebniss.aux)
(./doc/fazit.aux))
Package atveryend Info: Executing hook `AtVeryEndDocument' on input line 94.
Package atveryend Info: Executing hook `AtEndAfterFileList' on input line 94.
Package rerunfilecheck Info: File `document.out' has not changed.
(rerunfilecheck)             Checksum: BF1EEEA2DED71D3D9758160A9041A088;3408.


LaTeX Warning: There were multiply-defined labels.

Package atveryend Info: Empty hook `AtVeryVeryEnd' on input line 94.
 ) 
Here is how much of TeX's memory you used:
 20322 strings out of 495007
 340635 string characters out of 3179690
 488926 words of memory out of 3000000
 22209 multiletter control sequences out of 15000+200000
 69795 words of font info for 94 fonts, out of 3000000 for 9000
 14 hyphenation exceptions out of 8191
 56i,13n,65p,463b,1890s stack positions out of 5000i,500n,10000p,200000b,50000s
{/usr/share/texlive/texmf-dist/fonts/enc/dvips/base/8r.enc}</usr/share/texliv
e/texmf-dist/fonts/type1/public/amsfonts/cm/cmsy10.pfb></usr/share/texlive/texm
f-dist/fonts/type1/urw/courier/ucrb8a.pfb></usr/share/texlive/texmf-dist/fonts/
type1/urw/courier/ucrr8a.pfb></usr/share/texlive/texmf-dist/fonts/type1/urw/hel
vetic/uhvb8a.pfb></usr/share/texlive/texmf-dist/fonts/type1/urw/times/utmb8a.pf
b></usr/share/texlive/texmf-dist/fonts/type1/urw/times/utmr8a.pfb></usr/share/t
exlive/texmf-dist/fonts/type1/urw/times/utmr8a.pfb></usr/share/texlive/texmf-di
st/fonts/type1/urw/times/utmri8a.pfb>
Output written on document.pdf (73 pages, 1594866 bytes).
PDF statistics:
 1936 PDF objects out of 2073 (max. 8388607)
 1821 compressed objects within 19 object streams
 849 named destinations out of 1000 (max. 500000)
 449 words of extra memory for PDF output out of 10000 (max. 10000000)

