\BOOKMARK [0][-]{chapter.1}{Einleitung}{}% 1
\BOOKMARK [1][-]{section.1.1}{Fachliche Umgebung}{chapter.1}% 2
\BOOKMARK [1][-]{section.1.2}{Motivation und Ziel des Projektes}{chapter.1}% 3
\BOOKMARK [1][-]{section.1.3}{Aufgabenstellung}{chapter.1}% 4
\BOOKMARK [1][-]{section.1.4}{Einordnung in die Themenfelder der Informatik}{chapter.1}% 5
\BOOKMARK [0][-]{chapter.2}{Grundlagen}{}% 6
\BOOKMARK [1][-]{section.2.1}{Lose Kopplung}{chapter.2}% 7
\BOOKMARK [1][-]{section.2.2}{Die Programmiersprache Python}{chapter.2}% 8
\BOOKMARK [1][-]{section.2.3}{Webentwicklung mit Django}{chapter.2}% 9
\BOOKMARK [1][-]{section.2.4}{Das REST-Prinzip}{chapter.2}% 10
\BOOKMARK [2][-]{subsection.2.4.1}{Ressourcen und Repr\344sentationen}{section.2.4}% 11
\BOOKMARK [2][-]{subsection.2.4.2}{Eindeutige Identifikation}{section.2.4}% 12
\BOOKMARK [2][-]{subsection.2.4.3}{Hypermedia}{section.2.4}% 13
\BOOKMARK [2][-]{subsection.2.4.4}{Standardmethoden}{section.2.4}% 14
\BOOKMARK [2][-]{subsection.2.4.5}{Statuslose Kommunikation}{section.2.4}% 15
\BOOKMARK [1][-]{section.2.5}{Volltextsuche mit elasticsearch}{chapter.2}% 16
\BOOKMARK [0][-]{chapter.3}{Konzept}{}% 17
\BOOKMARK [1][-]{section.3.1}{Datenbank}{chapter.3}% 18
\BOOKMARK [2][-]{subsection.3.1.1}{Datenbank zur Verwaltung von Sicherheitsdatenbl\344ttern}{section.3.1}% 19
\BOOKMARK [2][-]{subsection.3.1.2}{Datenbank zur Realisierung einer effektiven Volltextsuche}{section.3.1}% 20
\BOOKMARK [1][-]{section.3.2}{Aufbau des Djangoprojekts}{chapter.3}% 21
\BOOKMARK [1][-]{section.3.3}{Aufbau der REST-konformen Schnittstelle}{chapter.3}% 22
\BOOKMARK [0][-]{chapter.4}{Realisierung}{}% 23
\BOOKMARK [1][-]{section.4.1}{Datenbank}{chapter.4}% 24
\BOOKMARK [1][-]{section.4.2}{REST-Schnittstelle}{chapter.4}% 25
\BOOKMARK [2][-]{subsection.4.2.1}{Aufbau der URI}{section.4.2}% 26
\BOOKMARK [2][-]{subsection.4.2.2}{Serialisierung von Ressourcen}{section.4.2}% 27
\BOOKMARK [2][-]{subsection.4.2.3}{Funktionsweise der Views}{section.4.2}% 28
\BOOKMARK [2][-]{subsection.4.2.4}{Hypermedia zwischen den Ressourcen}{section.4.2}% 29
\BOOKMARK [2][-]{subsection.4.2.5}{Paging in den Listenansichten}{section.4.2}% 30
\BOOKMARK [1][-]{section.4.3}{Suchfunktion}{chapter.4}% 31
\BOOKMARK [0][-]{chapter.5}{Ergebnis}{}% 32
\BOOKMARK [1][-]{section.5.1}{Vergleich der Datenbanksysteme zum Speichern der Datens\344tze \(Access und MySQL\)}{chapter.5}% 33
\BOOKMARK [1][-]{section.5.2}{Das PHP-Slim-Framework im Vergleich mit dem Python-Django-Framework}{chapter.5}% 34
\BOOKMARK [1][-]{section.5.3}{Suchen mit elasticsearch}{chapter.5}% 35
\BOOKMARK [1][-]{section.5.4}{Vergleich der Benutzeroberfl\344chen und Funktionalit\344ten von euSDB im alten und neuentwickelten System}{chapter.5}% 36
\BOOKMARK [1][-]{section.5.5}{Nicht erreichte Ziele}{chapter.5}% 37
\BOOKMARK [0][-]{chapter.6}{Fazit}{}% 38
\BOOKMARK [1][-]{section.6.1}{Ausblick}{chapter.6}% 39
\BOOKMARK [1][-]{section.6.2}{Zusammenfassung}{chapter.6}% 40
\BOOKMARK [0][-]{appendix*.28}{Literaturverzeichnis}{}% 41
\BOOKMARK [0][-]{appendix.B}{Glossar}{}% 42
\BOOKMARK [0][-]{appendix.C}{Quellcode}{}% 43
\BOOKMARK [1][-]{section.C.1}{User-Daten als JSON-Dokument}{appendix.C}% 44
\BOOKMARK [1][-]{section.C.2}{User-Daten als XML-Dokument}{appendix.C}% 45
\BOOKMARK [1][-]{section.C.3}{Die Datei settings.py}{appendix.C}% 46
\BOOKMARK [1][-]{section.C.4}{Die models-Klassen der chemicals-APP}{appendix.C}% 47
