This is pdfTeX, Version 3.1415926-2.5-1.40.14 (TeX Live 2013/Arch Linux) (format=pdflatex 2014.2.26)  24 MAR 2014 15:58
entering extended mode
 restricted \write18 enabled.
 %&-line parsing enabled.
**document.tex
(./document.tex
LaTeX2e <2011/06/27>
Babel <3.9f> and hyphenation patterns for 78 languages loaded.
(/usr/share/texmf-dist/tex/latex/koma-script/scrbook.cls
Document Class: scrbook 2012/07/29 v3.11b KOMA-Script document class (book)
(/usr/share/texmf-dist/tex/latex/koma-script/scrkbase.sty
Package: scrkbase 2012/07/29 v3.11b KOMA-Script package (KOMA-Script-dependent 
basics and keyval usage)

(/usr/share/texmf-dist/tex/latex/koma-script/scrbase.sty
Package: scrbase 2012/07/29 v3.11b KOMA-Script package (KOMA-Script-independent
 basics and keyval usage)

(/usr/share/texmf-dist/tex/latex/graphics/keyval.sty
Package: keyval 1999/03/16 v1.13 key=value parser (DPC)
\KV@toks@=\toks14
)
(/usr/share/texmf-dist/tex/latex/koma-script/scrlfile.sty
Package: scrlfile 2012/06/15 v3.12 KOMA-Script package (loading files)

Package scrlfile, 2012/06/15 v3.12 KOMA-Script package (loading files)
                  Copyright (C) Markus Kohm

))) (/usr/share/texmf-dist/tex/latex/koma-script/tocbasic.sty
Package: tocbasic 2012/04/04 v3.10b KOMA-Script package (handling toc-files)
)
Package tocbasic Info: omitting babel extension for `toc'
(tocbasic)             because of feature `nobabel' available
(tocbasic)             for `toc' on input line 117.
Package tocbasic Info: omitting babel extension for `lof'
(tocbasic)             because of feature `nobabel' available
(tocbasic)             for `lof' on input line 118.
Package tocbasic Info: omitting babel extension for `lot'
(tocbasic)             because of feature `nobabel' available
(tocbasic)             for `lot' on input line 119.
Package scrbook Info: You've used obsolete option `12pt'.
(scrbook)             \KOMAExecuteOptions{fontsize=12pt} will be
(scrbook)             used instead.
(scrbook)             You may simply replace `12pt'
(scrbook)             by `fontsize=12pt'.
Class scrbook Info: You've used standard option `oneside'.
(scrbook)           This is correct!
(scrbook)           Internally I'm using `twoside=false'.
(scrbook)           If you'd like to set the option with \KOMAoptions,
(scrbook)           you'd have to use `twoside=false' there
(scrbook)           instead of `oneside', too.
Class scrbook Info: File `scrsize12pt.clo' used to setup font sizes on input li
ne 1368.

(/usr/share/texmf-dist/tex/latex/koma-script/scrsize12pt.clo
File: scrsize12pt.clo 2012/07/29 v3.11b KOMA-Script font size class option (12p
t)
)
(/usr/share/texmf-dist/tex/latex/koma-script/typearea.sty
Package: typearea 2012/07/29 v3.11b KOMA-Script package (type area)

Package typearea, 2012/07/29 v3.11b KOMA-Script package (type area)
                  Copyright (C) Frank Neukam, 1992-1994
                  Copyright (C) Markus Kohm, 1994-

\ta@bcor=\skip41
\ta@div=\count79
Package typearea Info: You've used standard option `a4paper'.
(typearea)             This is correct!
(typearea)             Internally I'm using `paper=a4'.
(typearea)             If you'd like to set the option with \KOMAoptions,
(typearea)             you'd have to use `paper=a4' there
(typearea)             instead of `a4paper', too.
Package typearea Info: You've used standard option `oneside'.
(typearea)             This is correct!
(typearea)             Internally I'm using `twoside=false'.
(typearea)             If you'd like to set the option with \KOMAoptions,
(typearea)             you'd have to use `twoside=false' there
(typearea)             instead of `oneside', too.
\ta@hblk=\skip42
\ta@vblk=\skip43
\ta@temp=\skip44
Package typearea Info: These are the values describing the layout:
(typearea)             DIV  = 12
(typearea)             BCOR = 0.0pt
(typearea)             \paperwidth      = 597.50793pt
(typearea)              \textwidth      = 448.13095pt
(typearea)              DIV departure   = -6%
(typearea)              \evensidemargin = 2.4185pt
(typearea)              \oddsidemargin  = 2.4185pt
(typearea)             \paperheight     = 845.04694pt
(typearea)              \textheight     = 548.5pt
(typearea)              \topmargin      = -1.84941pt
(typearea)              \headheight     = 18.125pt
(typearea)              \headsep        = 21.75pt
(typearea)              \topskip        = 12.0pt
(typearea)              \footskip       = 50.75pt
(typearea)              \baselineskip   = 14.5pt
(typearea)              on input line 1213.
)
\c@part=\count80
\c@chapter=\count81
\c@section=\count82
\c@subsection=\count83
\c@subsubsection=\count84
\c@paragraph=\count85
\c@subparagraph=\count86
\abovecaptionskip=\skip45
\belowcaptionskip=\skip46
\c@pti@nb@sid@b@x=\box26
\c@figure=\count87
\c@table=\count88
\bibindent=\dimen102
)
Package typearea Info: These are the values describing the layout:
(typearea)             DIV  = areaset
(typearea)             BCOR = 42.67912pt
(typearea)             \paperwidth      = 597.50793pt
(typearea)              \textwidth      = 398.33858pt
(typearea)              \evensidemargin = 48.65424pt
(typearea)              \oddsidemargin  = 48.65424pt
(typearea)             \paperheight     = 845.04694pt
(typearea)              \textheight     = 621.8189pt
(typearea)              \topmargin      = -27.69398pt
(typearea)              \headheight     = 17.0pt
(typearea)              \headsep        = 21.75pt
(typearea)              \topskip        = 12.0pt
(typearea)              \footskip       = 50.75pt
(typearea)              \baselineskip   = 14.5pt
(typearea)              on input line 14.
 (/usr/share/texmf-dist/tex/latex/base/inputenc.sty
Package: inputenc 2008/03/30 v1.1d Input encoding file
\inpenc@prehook=\toks15
\inpenc@posthook=\toks16

(/usr/share/texmf-dist/tex/latex/ucs/utf8x.def
File: utf8x.def 2004/10/17 UCS: Input encoding UTF-8
))
(/usr/share/texmf-dist/tex/latex/ucs/ucs.sty
Package: ucs 2013/05/11 v2.2 UCS: Unicode input support

(/usr/share/texmf-dist/tex/latex/ucs/data/uni-global.def
File: uni-global.def 2013/05/13 UCS: Unicode global data
)
\uc@secondtry=\count89
\uc@combtoks=\toks17
\uc@combtoksb=\toks18
\uc@temptokena=\toks19
)
(/usr/share/texmf-dist/tex/latex/base/fontenc.sty
Package: fontenc 2005/09/27 v1.99g Standard LaTeX package

(/usr/share/texmf-dist/tex/latex/base/t1enc.def
File: t1enc.def 2005/09/27 v1.99g Standard LaTeX file
LaTeX Font Info:    Redeclaring font encoding T1 on input line 43.
))
(/usr/share/texmf-dist/tex/latex/ae/ae.sty
Package: ae 2001/02/12 1.3 Almost European Computer Modern

(/usr/share/texmf-dist/tex/latex/base/fontenc.sty
Package: fontenc 2005/09/27 v1.99g Standard LaTeX package

(/usr/share/texmf-dist/tex/latex/base/t1enc.def
File: t1enc.def 2005/09/27 v1.99g Standard LaTeX file
LaTeX Font Info:    Redeclaring font encoding T1 on input line 43.
)
LaTeX Font Info:    Try loading font information for T1+aer on input line 100.

(/usr/share/texmf-dist/tex/latex/ae/t1aer.fd
File: t1aer.fd 1997/11/16 Font definitions for T1/aer.
)))
(/usr/share/texmf-dist/tex/generic/babel/babel.sty
Package: babel 2013/05/16 v3.9f The Babel package

(/usr/share/texmf-dist/tex/generic/babel-german/germanb.ldf
Language: germanb 2008/06/01 v2.6m German support from the babel system

(/usr/share/texmf-dist/tex/generic/babel/babel.def
File: babel.def 2013/05/16 v3.9f Babel common definitions
\babel@savecnt=\count90
\U@D=\dimen103
)
\l@austrian = a dialect from \language\l@german 
Package babel Info: Making " an active character on input line 102.
))
(/usr/share/texmf-dist/tex/latex/psnfss/helvet.sty
Package: helvet 2005/04/12 PSNFSS-v9.2a (WaS) 
)
(/usr/share/texmf-dist/tex/latex/psnfss/mathptmx.sty
Package: mathptmx 2005/04/12 PSNFSS-v9.2a Times w/ Math, improved (SPQR, WaS) 
LaTeX Font Info:    Redeclaring symbol font `operators' on input line 28.
LaTeX Font Info:    Overwriting symbol font `operators' in version `normal'
(Font)                  OT1/cmr/m/n --> OT1/ztmcm/m/n on input line 28.
LaTeX Font Info:    Overwriting symbol font `operators' in version `bold'
(Font)                  OT1/cmr/bx/n --> OT1/ztmcm/m/n on input line 28.
LaTeX Font Info:    Redeclaring symbol font `letters' on input line 29.
LaTeX Font Info:    Overwriting symbol font `letters' in version `normal'
(Font)                  OML/cmm/m/it --> OML/ztmcm/m/it on input line 29.
LaTeX Font Info:    Overwriting symbol font `letters' in version `bold'
(Font)                  OML/cmm/b/it --> OML/ztmcm/m/it on input line 29.
LaTeX Font Info:    Redeclaring symbol font `symbols' on input line 30.
LaTeX Font Info:    Overwriting symbol font `symbols' in version `normal'
(Font)                  OMS/cmsy/m/n --> OMS/ztmcm/m/n on input line 30.
LaTeX Font Info:    Overwriting symbol font `symbols' in version `bold'
(Font)                  OMS/cmsy/b/n --> OMS/ztmcm/m/n on input line 30.
LaTeX Font Info:    Redeclaring symbol font `largesymbols' on input line 31.
LaTeX Font Info:    Overwriting symbol font `largesymbols' in version `normal'
(Font)                  OMX/cmex/m/n --> OMX/ztmcm/m/n on input line 31.
LaTeX Font Info:    Overwriting symbol font `largesymbols' in version `bold'
(Font)                  OMX/cmex/m/n --> OMX/ztmcm/m/n on input line 31.
\symbold=\mathgroup4
\symitalic=\mathgroup5
LaTeX Font Info:    Redeclaring math alphabet \mathbf on input line 34.
LaTeX Font Info:    Overwriting math alphabet `\mathbf' in version `normal'
(Font)                  OT1/cmr/bx/n --> OT1/ptm/bx/n on input line 34.
LaTeX Font Info:    Overwriting math alphabet `\mathbf' in version `bold'
(Font)                  OT1/cmr/bx/n --> OT1/ptm/bx/n on input line 34.
LaTeX Font Info:    Redeclaring math alphabet \mathit on input line 35.
LaTeX Font Info:    Overwriting math alphabet `\mathit' in version `normal'
(Font)                  OT1/cmr/m/it --> OT1/ptm/m/it on input line 35.
LaTeX Font Info:    Overwriting math alphabet `\mathit' in version `bold'
(Font)                  OT1/cmr/bx/it --> OT1/ptm/m/it on input line 35.
LaTeX Info: Redefining \hbar on input line 50.
)
(/usr/share/texmf-dist/tex/latex/psnfss/courier.sty
Package: courier 2005/04/12 PSNFSS-v9.2a (WaS) 
)
(/usr/share/texmf-dist/tex/latex/pgf/basiclayer/pgf.sty
(/usr/share/texmf-dist/tex/latex/pgf/utilities/pgfrcs.sty
(/usr/share/texmf-dist/tex/generic/pgf/utilities/pgfutil-common.tex
\pgfutil@everybye=\toks20
)
(/usr/share/texmf-dist/tex/generic/pgf/utilities/pgfutil-latex.def
\pgfutil@abb=\box27

(/usr/share/texmf-dist/tex/latex/ms/everyshi.sty
Package: everyshi 2001/05/15 v3.00 EveryShipout Package (MS)
))
(/usr/share/texmf-dist/tex/generic/pgf/utilities/pgfrcs.code.tex
Package: pgfrcs 2010/10/25 v2.10 (rcs-revision 1.24)
))
Package: pgf 2008/01/15 v2.10 (rcs-revision 1.12)

(/usr/share/texmf-dist/tex/latex/pgf/basiclayer/pgfcore.sty
(/usr/share/texmf-dist/tex/latex/graphics/graphicx.sty
Package: graphicx 1999/02/16 v1.0f Enhanced LaTeX Graphics (DPC,SPQR)

(/usr/share/texmf-dist/tex/latex/graphics/graphics.sty
Package: graphics 2009/02/05 v1.0o Standard LaTeX Graphics (DPC,SPQR)

(/usr/share/texmf-dist/tex/latex/graphics/trig.sty
Package: trig 1999/03/16 v1.09 sin cos tan (DPC)
)
(/usr/share/texmf-dist/tex/latex/latexconfig/graphics.cfg
File: graphics.cfg 2010/04/23 v1.9 graphics configuration of TeX Live
)
Package graphics Info: Driver file: pdftex.def on input line 91.

(/usr/share/texmf-dist/tex/latex/pdftex-def/pdftex.def
File: pdftex.def 2011/05/27 v0.06d Graphics/color for pdfTeX

(/usr/share/texmf-dist/tex/generic/oberdiek/infwarerr.sty
Package: infwarerr 2010/04/08 v1.3 Providing info/warning/error messages (HO)
)
(/usr/share/texmf-dist/tex/generic/oberdiek/ltxcmds.sty
Package: ltxcmds 2011/11/09 v1.22 LaTeX kernel commands for general use (HO)
)
\Gread@gobject=\count91
))
\Gin@req@height=\dimen104
\Gin@req@width=\dimen105
)
(/usr/share/texmf-dist/tex/latex/pgf/systemlayer/pgfsys.sty
(/usr/share/texmf-dist/tex/generic/pgf/systemlayer/pgfsys.code.tex
Package: pgfsys 2010/06/30 v2.10 (rcs-revision 1.37)

(/usr/share/texmf-dist/tex/generic/pgf/utilities/pgfkeys.code.tex
\pgfkeys@pathtoks=\toks21
\pgfkeys@temptoks=\toks22

(/usr/share/texmf-dist/tex/generic/pgf/utilities/pgfkeysfiltered.code.tex
\pgfkeys@tmptoks=\toks23
))
\pgf@x=\dimen106
\pgf@y=\dimen107
\pgf@xa=\dimen108
\pgf@ya=\dimen109
\pgf@xb=\dimen110
\pgf@yb=\dimen111
\pgf@xc=\dimen112
\pgf@yc=\dimen113
\w@pgf@writea=\write3
\r@pgf@reada=\read1
\c@pgf@counta=\count92
\c@pgf@countb=\count93
\c@pgf@countc=\count94
\c@pgf@countd=\count95

(/usr/share/texmf-dist/tex/generic/pgf/systemlayer/pgf.cfg
File: pgf.cfg 2008/05/14  (rcs-revision 1.7)
)
Package pgfsys Info: Driver file for pgf: pgfsys-pdftex.def on input line 900.

(/usr/share/texmf-dist/tex/generic/pgf/systemlayer/pgfsys-pdftex.def
File: pgfsys-pdftex.def 2009/05/22  (rcs-revision 1.26)

(/usr/share/texmf-dist/tex/generic/pgf/systemlayer/pgfsys-common-pdf.def
File: pgfsys-common-pdf.def 2008/05/19  (rcs-revision 1.10)
)))
(/usr/share/texmf-dist/tex/generic/pgf/systemlayer/pgfsyssoftpath.code.tex
File: pgfsyssoftpath.code.tex 2008/07/18  (rcs-revision 1.7)
\pgfsyssoftpath@smallbuffer@items=\count96
\pgfsyssoftpath@bigbuffer@items=\count97
)
(/usr/share/texmf-dist/tex/generic/pgf/systemlayer/pgfsysprotocol.code.tex
File: pgfsysprotocol.code.tex 2006/10/16  (rcs-revision 1.4)
))
(/usr/share/texmf-dist/tex/latex/xcolor/xcolor.sty
Package: xcolor 2007/01/21 v2.11 LaTeX color extensions (UK)

(/usr/share/texmf-dist/tex/latex/latexconfig/color.cfg
File: color.cfg 2007/01/18 v1.5 color configuration of teTeX/TeXLive
)
Package xcolor Info: Driver file: pdftex.def on input line 225.
Package xcolor Info: Model `cmy' substituted by `cmy0' on input line 1337.
Package xcolor Info: Model `hsb' substituted by `rgb' on input line 1341.
Package xcolor Info: Model `RGB' extended on input line 1353.
Package xcolor Info: Model `HTML' substituted by `rgb' on input line 1355.
Package xcolor Info: Model `Hsb' substituted by `hsb' on input line 1356.
Package xcolor Info: Model `tHsb' substituted by `hsb' on input line 1357.
Package xcolor Info: Model `HSB' substituted by `hsb' on input line 1358.
Package xcolor Info: Model `Gray' substituted by `gray' on input line 1359.
Package xcolor Info: Model `wave' substituted by `hsb' on input line 1360.
)
(/usr/share/texmf-dist/tex/generic/pgf/basiclayer/pgfcore.code.tex
Package: pgfcore 2010/04/11 v2.10 (rcs-revision 1.7)

(/usr/share/texmf-dist/tex/generic/pgf/math/pgfmath.code.tex
(/usr/share/texmf-dist/tex/generic/pgf/math/pgfmathcalc.code.tex
(/usr/share/texmf-dist/tex/generic/pgf/math/pgfmathutil.code.tex)
(/usr/share/texmf-dist/tex/generic/pgf/math/pgfmathparser.code.tex
\pgfmath@dimen=\dimen114
\pgfmath@count=\count98
\pgfmath@box=\box28
\pgfmath@toks=\toks24
\pgfmath@stack@operand=\toks25
\pgfmath@stack@operation=\toks26
)
(/usr/share/texmf-dist/tex/generic/pgf/math/pgfmathfunctions.code.tex
(/usr/share/texmf-dist/tex/generic/pgf/math/pgfmathfunctions.basic.code.tex)
(/usr/share/texmf-dist/tex/generic/pgf/math/pgfmathfunctions.trigonometric.code
.tex)
(/usr/share/texmf-dist/tex/generic/pgf/math/pgfmathfunctions.random.code.tex)
(/usr/share/texmf-dist/tex/generic/pgf/math/pgfmathfunctions.comparison.code.te
x) (/usr/share/texmf-dist/tex/generic/pgf/math/pgfmathfunctions.base.code.tex)
(/usr/share/texmf-dist/tex/generic/pgf/math/pgfmathfunctions.round.code.tex)
(/usr/share/texmf-dist/tex/generic/pgf/math/pgfmathfunctions.misc.code.tex)))
(/usr/share/texmf-dist/tex/generic/pgf/math/pgfmathfloat.code.tex
\c@pgfmathroundto@lastzeros=\count99
))
(/usr/share/texmf-dist/tex/generic/pgf/basiclayer/pgfcorepoints.code.tex
File: pgfcorepoints.code.tex 2010/04/09  (rcs-revision 1.20)
\pgf@picminx=\dimen115
\pgf@picmaxx=\dimen116
\pgf@picminy=\dimen117
\pgf@picmaxy=\dimen118
\pgf@pathminx=\dimen119
\pgf@pathmaxx=\dimen120
\pgf@pathminy=\dimen121
\pgf@pathmaxy=\dimen122
\pgf@xx=\dimen123
\pgf@xy=\dimen124
\pgf@yx=\dimen125
\pgf@yy=\dimen126
\pgf@zx=\dimen127
\pgf@zy=\dimen128
)
(/usr/share/texmf-dist/tex/generic/pgf/basiclayer/pgfcorepathconstruct.code.tex
File: pgfcorepathconstruct.code.tex 2010/08/03  (rcs-revision 1.24)
\pgf@path@lastx=\dimen129
\pgf@path@lasty=\dimen130
) (/usr/share/texmf-dist/tex/generic/pgf/basiclayer/pgfcorepathusage.code.tex
File: pgfcorepathusage.code.tex 2008/04/22  (rcs-revision 1.12)
\pgf@shorten@end@additional=\dimen131
\pgf@shorten@start@additional=\dimen132
)
(/usr/share/texmf-dist/tex/generic/pgf/basiclayer/pgfcorescopes.code.tex
File: pgfcorescopes.code.tex 2010/09/08  (rcs-revision 1.34)
\pgfpic=\box29
\pgf@hbox=\box30
\pgf@layerbox@main=\box31
\pgf@picture@serial@count=\count100
)
(/usr/share/texmf-dist/tex/generic/pgf/basiclayer/pgfcoregraphicstate.code.tex
File: pgfcoregraphicstate.code.tex 2008/04/22  (rcs-revision 1.9)
\pgflinewidth=\dimen133
)
(/usr/share/texmf-dist/tex/generic/pgf/basiclayer/pgfcoretransformations.code.t
ex
File: pgfcoretransformations.code.tex 2009/06/10  (rcs-revision 1.11)
\pgf@pt@x=\dimen134
\pgf@pt@y=\dimen135
\pgf@pt@temp=\dimen136
) (/usr/share/texmf-dist/tex/generic/pgf/basiclayer/pgfcorequick.code.tex
File: pgfcorequick.code.tex 2008/10/09  (rcs-revision 1.3)
)
(/usr/share/texmf-dist/tex/generic/pgf/basiclayer/pgfcoreobjects.code.tex
File: pgfcoreobjects.code.tex 2006/10/11  (rcs-revision 1.2)
)
(/usr/share/texmf-dist/tex/generic/pgf/basiclayer/pgfcorepathprocessing.code.te
x
File: pgfcorepathprocessing.code.tex 2008/10/09  (rcs-revision 1.8)
) (/usr/share/texmf-dist/tex/generic/pgf/basiclayer/pgfcorearrows.code.tex
File: pgfcorearrows.code.tex 2008/04/23  (rcs-revision 1.11)
)
(/usr/share/texmf-dist/tex/generic/pgf/basiclayer/pgfcoreshade.code.tex
File: pgfcoreshade.code.tex 2008/11/23  (rcs-revision 1.13)
\pgf@max=\dimen137
\pgf@sys@shading@range@num=\count101
)
(/usr/share/texmf-dist/tex/generic/pgf/basiclayer/pgfcoreimage.code.tex
File: pgfcoreimage.code.tex 2010/03/25  (rcs-revision 1.16)

(/usr/share/texmf-dist/tex/generic/pgf/basiclayer/pgfcoreexternal.code.tex
File: pgfcoreexternal.code.tex 2010/09/01  (rcs-revision 1.17)
\pgfexternal@startupbox=\box32
))
(/usr/share/texmf-dist/tex/generic/pgf/basiclayer/pgfcorelayers.code.tex
File: pgfcorelayers.code.tex 2010/08/27  (rcs-revision 1.2)
)
(/usr/share/texmf-dist/tex/generic/pgf/basiclayer/pgfcoretransparency.code.tex
File: pgfcoretransparency.code.tex 2008/01/17  (rcs-revision 1.2)
) (/usr/share/texmf-dist/tex/generic/pgf/basiclayer/pgfcorepatterns.code.tex
File: pgfcorepatterns.code.tex 2009/07/02  (rcs-revision 1.3)
)))
(/usr/share/texmf-dist/tex/generic/pgf/modules/pgfmoduleshapes.code.tex
File: pgfmoduleshapes.code.tex 2010/09/09  (rcs-revision 1.13)
\pgfnodeparttextbox=\box33
)
(/usr/share/texmf-dist/tex/generic/pgf/modules/pgfmoduleplot.code.tex
File: pgfmoduleplot.code.tex 2010/10/22  (rcs-revision 1.8)
)
(/usr/share/texmf-dist/tex/latex/pgf/compatibility/pgfcomp-version-0-65.sty
Package: pgfcomp-version-0-65 2007/07/03 v2.10 (rcs-revision 1.7)
\pgf@nodesepstart=\dimen138
\pgf@nodesepend=\dimen139
)
(/usr/share/texmf-dist/tex/latex/pgf/compatibility/pgfcomp-version-1-18.sty
Package: pgfcomp-version-1-18 2007/07/23 v2.10 (rcs-revision 1.1)
))
(/usr/share/texmf-dist/tex/latex/pgf/frontendlayer/tikz.sty
(/usr/share/texmf-dist/tex/latex/pgf/utilities/pgffor.sty
(/usr/share/texmf-dist/tex/latex/pgf/utilities/pgfkeys.sty
(/usr/share/texmf-dist/tex/generic/pgf/utilities/pgfkeys.code.tex))
(/usr/share/texmf-dist/tex/generic/pgf/utilities/pgffor.code.tex
Package: pgffor 2010/03/23 v2.10 (rcs-revision 1.18)
\pgffor@iter=\dimen140
\pgffor@skip=\dimen141
\pgffor@stack=\toks27
\pgffor@toks=\toks28
))
(/usr/share/texmf-dist/tex/generic/pgf/frontendlayer/tikz/tikz.code.tex
Package: tikz 2010/10/13 v2.10 (rcs-revision 1.76)

(/usr/share/texmf-dist/tex/generic/pgf/libraries/pgflibraryplothandlers.code.te
x
File: pgflibraryplothandlers.code.tex 2010/05/31 v2.10 (rcs-revision 1.15)
\pgf@plot@mark@count=\count102
\pgfplotmarksize=\dimen142
)
\tikz@lastx=\dimen143
\tikz@lasty=\dimen144
\tikz@lastxsaved=\dimen145
\tikz@lastysaved=\dimen146
\tikzleveldistance=\dimen147
\tikzsiblingdistance=\dimen148
\tikz@figbox=\box34
\tikz@tempbox=\box35
\tikztreelevel=\count103
\tikznumberofchildren=\count104
\tikznumberofcurrentchild=\count105
\tikz@fig@count=\count106
 (/usr/share/texmf-dist/tex/generic/pgf/modules/pgfmodulematrix.code.tex
File: pgfmodulematrix.code.tex 2010/08/24  (rcs-revision 1.4)
\pgfmatrixcurrentrow=\count107
\pgfmatrixcurrentcolumn=\count108
\pgf@matrix@numberofcolumns=\count109
)
\tikz@expandcount=\count110

(/usr/share/texmf-dist/tex/generic/pgf/frontendlayer/tikz/libraries/tikzlibrary
topaths.code.tex
File: tikzlibrarytopaths.code.tex 2008/06/17 v2.10 (rcs-revision 1.2)
))) (/usr/share/texmf-dist/tex/latex/setspace/setspace.sty
Package: setspace 2011/12/19 v6.7a set line spacing
)
(/usr/share/texmf-dist/tex/latex/acronym/acronym.sty
Package: acronym 2012/10/29 v1.38 Support for acronyms (Tobias Oetiker)

(/usr/share/texmf-dist/tex/latex/bigfoot/suffix.sty
Package: suffix 2006/07/15 1.5 Variant command support
)
(/usr/share/texmf-dist/tex/generic/xstring/xstring.sty
(/usr/share/texmf-dist/tex/generic/xstring/xstring.tex
\@xs@message=\write4
\integerpart=\count111
\decimalpart=\count112
)
Package: xstring 2013/07/29  v1.7b  String manipulations (C Tellechea)
)
\AC@clearlist=\toks29
)
(/usr/share/texmf-dist/tex/latex/listings/listings.sty
\lst@mode=\count113
\lst@gtempboxa=\box36
\lst@token=\toks30
\lst@length=\count114
\lst@currlwidth=\dimen149
\lst@column=\count115
\lst@pos=\count116
\lst@lostspace=\dimen150
\lst@width=\dimen151
\lst@newlines=\count117
\lst@lineno=\count118
\lst@maxwidth=\dimen152

(/usr/share/texmf-dist/tex/latex/listings/lstmisc.sty
File: lstmisc.sty 2013/08/26 1.5b (Carsten Heinz)
\c@lstnumber=\count119
\lst@skipnumbers=\count120
\lst@framebox=\box37
)
(/usr/share/texmf-dist/tex/latex/listings/listings.cfg
File: listings.cfg 2013/08/26 1.5b listings configuration
))
Package: listings 2013/08/26 1.5b (Carsten Heinz)

(/usr/share/texmf-dist/tex/latex/float/float.sty
Package: float 2001/11/08 v1.3d Float enhancements (AL)
\c@float@type=\count121
\float@exts=\toks31
\float@box=\box38
\@float@everytoks=\toks32
\@floatcapt=\box39
)
(/usr/share/texmf-dist/tex/latex/hyperref/hyperref.sty
Package: hyperref 2012/11/06 v6.83m Hypertext links for LaTeX

(/usr/share/texmf-dist/tex/generic/oberdiek/hobsub-hyperref.sty
Package: hobsub-hyperref 2012/05/28 v1.13 Bundle oberdiek, subset hyperref (HO)


(/usr/share/texmf-dist/tex/generic/oberdiek/hobsub-generic.sty
Package: hobsub-generic 2012/05/28 v1.13 Bundle oberdiek, subset generic (HO)
Package: hobsub 2012/05/28 v1.13 Construct package bundles (HO)
Package hobsub Info: Skipping package `infwarerr' (already loaded).
Package hobsub Info: Skipping package `ltxcmds' (already loaded).
Package: ifluatex 2010/03/01 v1.3 Provides the ifluatex switch (HO)
Package ifluatex Info: LuaTeX not detected.
Package: ifvtex 2010/03/01 v1.5 Detect VTeX and its facilities (HO)
Package ifvtex Info: VTeX not detected.
Package: intcalc 2007/09/27 v1.1 Expandable calculations with integers (HO)
Package: ifpdf 2011/01/30 v2.3 Provides the ifpdf switch (HO)
Package ifpdf Info: pdfTeX in PDF mode is detected.
Package: etexcmds 2011/02/16 v1.5 Avoid name clashes with e-TeX commands (HO)
Package etexcmds Info: Could not find \expanded.
(etexcmds)             That can mean that you are not using pdfTeX 1.50 or
(etexcmds)             that some package has redefined \expanded.
(etexcmds)             In the latter case, load this package earlier.
Package: kvsetkeys 2012/04/25 v1.16 Key value parser (HO)
Package: kvdefinekeys 2011/04/07 v1.3 Define keys (HO)
Package: pdftexcmds 2011/11/29 v0.20 Utility functions of pdfTeX for LuaTeX (HO
)
Package pdftexcmds Info: LuaTeX not detected.
Package pdftexcmds Info: \pdf@primitive is available.
Package pdftexcmds Info: \pdf@ifprimitive is available.
Package pdftexcmds Info: \pdfdraftmode found.
Package: pdfescape 2011/11/25 v1.13 Implements pdfTeX's escape features (HO)
Package: bigintcalc 2012/04/08 v1.3 Expandable calculations on big integers (HO
)
Package: bitset 2011/01/30 v1.1 Handle bit-vector datatype (HO)
Package: uniquecounter 2011/01/30 v1.2 Provide unlimited unique counter (HO)
)
Package hobsub Info: Skipping package `hobsub' (already loaded).
Package: letltxmacro 2010/09/02 v1.4 Let assignment for LaTeX macros (HO)
Package: hopatch 2012/05/28 v1.2 Wrapper for package hooks (HO)
Package: xcolor-patch 2011/01/30 xcolor patch
Package: atveryend 2011/06/30 v1.8 Hooks at the very end of document (HO)
Package atveryend Info: \enddocument detected (standard20110627).
Package: atbegshi 2011/10/05 v1.16 At begin shipout hook (HO)
Package: refcount 2011/10/16 v3.4 Data extraction from label references (HO)
Package: hycolor 2011/01/30 v1.7 Color options for hyperref/bookmark (HO)
)
(/usr/share/texmf-dist/tex/generic/ifxetex/ifxetex.sty
Package: ifxetex 2010/09/12 v0.6 Provides ifxetex conditional
)
(/usr/share/texmf-dist/tex/latex/oberdiek/auxhook.sty
Package: auxhook 2011/03/04 v1.3 Hooks for auxiliary files (HO)
)
(/usr/share/texmf-dist/tex/latex/oberdiek/kvoptions.sty
Package: kvoptions 2011/06/30 v3.11 Key value format for package options (HO)
)
\@linkdim=\dimen153
\Hy@linkcounter=\count122
\Hy@pagecounter=\count123

(/usr/share/texmf-dist/tex/latex/hyperref/pd1enc.def
File: pd1enc.def 2012/11/06 v6.83m Hyperref: PDFDocEncoding definition (HO)
)
\Hy@SavedSpaceFactor=\count124

(/usr/share/texmf-dist/tex/latex/latexconfig/hyperref.cfg
File: hyperref.cfg 2002/06/06 v1.2 hyperref configuration of TeXLive
)
Package hyperref Info: Option `colorlinks' set `true' on input line 4319.
Package hyperref Info: Option `bookmarks' set `true' on input line 4319.
Package hyperref Info: Hyper figures OFF on input line 4443.
Package hyperref Info: Link nesting OFF on input line 4448.
Package hyperref Info: Hyper index ON on input line 4451.
Package hyperref Info: Plain pages OFF on input line 4458.
Package hyperref Info: Backreferencing OFF on input line 4463.
Package hyperref Info: Implicit mode ON; LaTeX internals redefined.
Package hyperref Info: Bookmarks ON on input line 4688.
\c@Hy@tempcnt=\count125

(/usr/share/texmf-dist/tex/latex/url/url.sty
\Urlmuskip=\muskip10
Package: url 2006/04/12  ver 3.3  Verb mode for urls, etc.
)
LaTeX Info: Redefining \url on input line 5041.
\XeTeXLinkMargin=\dimen154
\Fld@menulength=\count126
\Field@Width=\dimen155
\Fld@charsize=\dimen156
Package hyperref Info: Hyper figures OFF on input line 6295.
Package hyperref Info: Link nesting OFF on input line 6300.
Package hyperref Info: Hyper index ON on input line 6303.
Package hyperref Info: backreferencing OFF on input line 6310.
Package hyperref Info: Link coloring ON on input line 6313.
Package hyperref Info: Link coloring with OCG OFF on input line 6320.
Package hyperref Info: PDF/A mode OFF on input line 6325.
LaTeX Info: Redefining \ref on input line 6365.
LaTeX Info: Redefining \pageref on input line 6369.
\Hy@abspage=\count127
\c@Item=\count128
\c@Hfootnote=\count129
)

Package hyperref Message: Driver: hpdftex.

(/usr/share/texmf-dist/tex/latex/hyperref/hpdftex.def
File: hpdftex.def 2012/11/06 v6.83m Hyperref driver for pdfTeX
\Fld@listcount=\count130
\c@bookmark@seq@number=\count131

(/usr/share/texmf-dist/tex/latex/oberdiek/rerunfilecheck.sty
Package: rerunfilecheck 2011/04/15 v1.7 Rerun checks for auxiliary files (HO)
Package uniquecounter Info: New unique counter `rerunfilecheck' on input line 2
82.
)
\Hy@SectionHShift=\skip47
)
\@indexfile=\write5
\openout5 = `document.idx'.


Writing index file document.idx
\@input{doc/gen_macro.aux}
\openout2 = `doc/gen_macro.aux'.

(./doc/gen_macro.tex (/usr/share/texmf-dist/tex/latex/listings/lstlang1.sty
File: lstlang1.sty 2013/08/26 1.5b listings language file
))
(./document.aux (./doc/titelseite.aux) (./doc/erklaerung.aux)
(./doc/abstract.aux) (./doc/einleitung.aux) (./doc/grundlagen.aux

LaTeX Warning: Label `fig:schnittstellen_schichten' multiply defined.


LaTeX Warning: Label `urcontrol_rci_gru' multiply defined.

) (./doc/konzept.aux) (./doc/realisierung.aux

LaTeX Warning: Label `sub:capi-problems_rel' multiply defined.


LaTeX Warning: Label `lst:urscipt_program_lst' multiply defined.

) (./doc/ergebniss.aux

LaTeX Warning: Label `tab:vgl_interfaces' multiply defined.

) (./doc/fazit.aux))
\openout1 = `document.aux'.

LaTeX Font Info:    Checking defaults for OML/cmm/m/it on input line 66.
LaTeX Font Info:    ... okay on input line 66.
LaTeX Font Info:    Checking defaults for T1/cmr/m/n on input line 66.
LaTeX Font Info:    ... okay on input line 66.
LaTeX Font Info:    Checking defaults for OT1/cmr/m/n on input line 66.
LaTeX Font Info:    ... okay on input line 66.
LaTeX Font Info:    Checking defaults for OMS/cmsy/m/n on input line 66.
LaTeX Font Info:    ... okay on input line 66.
LaTeX Font Info:    Checking defaults for OMX/cmex/m/n on input line 66.
LaTeX Font Info:    ... okay on input line 66.
LaTeX Font Info:    Checking defaults for U/cmr/m/n on input line 66.
LaTeX Font Info:    ... okay on input line 66.
LaTeX Font Info:    Checking defaults for PD1/pdf/m/n on input line 66.
LaTeX Font Info:    ... okay on input line 66.
LaTeX Font Info:    Try loading font information for T1+ptm on input line 66.
 (/usr/share/texmf-dist/tex/latex/psnfss/t1ptm.fd
File: t1ptm.fd 2001/06/04 font definitions for T1/ptm.
)
(/usr/share/texmf-dist/tex/latex/ucs/ucsencs.def
File: ucsencs.def 2011/01/21 Fixes to fontencodings LGR, T3
)
\big@size=\dimen157

ABD: EveryShipout initializing macros
(/usr/share/texmf-dist/tex/context/base/supp-pdf.mkii
[Loading MPS to PDF converter (version 2006.09.02).]
\scratchcounter=\count132
\scratchdimen=\dimen158
\scratchbox=\box40
\nofMPsegments=\count133
\nofMParguments=\count134
\everyMPshowfont=\toks33
\MPscratchCnt=\count135
\MPscratchDim=\dimen159
\MPnumerator=\count136
\makeMPintoPDFobject=\count137
\everyMPtoPDFconversion=\toks34
) (/usr/share/texmf-dist/tex/latex/oberdiek/epstopdf-base.sty
Package: epstopdf-base 2010/02/09 v2.5 Base part for package epstopdf

(/usr/share/texmf-dist/tex/latex/oberdiek/grfext.sty
Package: grfext 2010/08/19 v1.1 Manage graphics extensions (HO)
)
Package grfext Info: Graphics extension search list:
(grfext)             [.png,.pdf,.jpg,.mps,.jpeg,.jbig2,.jb2,.PNG,.PDF,.JPG,.JPE
G,.JBIG2,.JB2,.eps]
(grfext)             \AppendGraphicsExtensions on input line 452.

(/usr/share/texmf-dist/tex/latex/latexconfig/epstopdf-sys.cfg
File: epstopdf-sys.cfg 2010/07/13 v1.3 Configuration of (r)epstopdf for TeX Liv
e
))
\c@lstlisting=\count138
\AtBeginShipoutBox=\box41
Package hyperref Info: Link coloring ON on input line 66.

(/usr/share/texmf-dist/tex/latex/hyperref/nameref.sty
Package: nameref 2012/10/27 v2.43 Cross-referencing by name of section

(/usr/share/texmf-dist/tex/generic/oberdiek/gettitlestring.sty
Package: gettitlestring 2010/12/03 v1.4 Cleanup title references (HO)
)
\c@section@level=\count139
)
LaTeX Info: Redefining \ref on input line 66.
LaTeX Info: Redefining \pageref on input line 66.
LaTeX Info: Redefining \nameref on input line 66.

(./document.out) (./document.out)
\@outlinefile=\write6
\openout6 = `document.out'.

\openout2 = `doc/titelseite.aux'.

 (./doc/titelseite.tex
<pic/h_da.png, id=248, 240.9pt x 90.3375pt>
File: pic/h_da.png Graphic file (type png)
 <use pic/h_da.png>
Package pdftex.def Info: pic/h_da.png used on input line 6.
(pdftex.def)             Requested size: 179.25113pt x 67.22087pt.
LaTeX Font Info:    Font shape `T1/ptm/bx/n' in size <12> not available
(Font)              Font shape `T1/ptm/b/n' tried instead on input line 11.
LaTeX Font Info:    Font shape `T1/ptm/bx/n' in size <17.28> not available
(Font)              Font shape `T1/ptm/b/n' tried instead on input line 11.
LaTeX Font Info:    Try loading font information for OT1+ztmcm on input line 24
.

(/usr/share/texmf-dist/tex/latex/psnfss/ot1ztmcm.fd
File: ot1ztmcm.fd 2000/01/03 Fontinst v1.801 font definitions for OT1/ztmcm.
)
LaTeX Font Info:    Try loading font information for OML+ztmcm on input line 24
.

(/usr/share/texmf-dist/tex/latex/psnfss/omlztmcm.fd
File: omlztmcm.fd 2000/01/03 Fontinst v1.801 font definitions for OML/ztmcm.
)
LaTeX Font Info:    Try loading font information for OMS+ztmcm on input line 24
.

(/usr/share/texmf-dist/tex/latex/psnfss/omsztmcm.fd
File: omsztmcm.fd 2000/01/03 Fontinst v1.801 font definitions for OMS/ztmcm.
)
LaTeX Font Info:    Try loading font information for OMX+ztmcm on input line 24
.

(/usr/share/texmf-dist/tex/latex/psnfss/omxztmcm.fd
File: omxztmcm.fd 2000/01/03 Fontinst v1.801 font definitions for OMX/ztmcm.
)
LaTeX Font Info:    Try loading font information for OT1+ptm on input line 24.

(/usr/share/texmf-dist/tex/latex/psnfss/ot1ptm.fd
File: ot1ptm.fd 2001/06/04 font definitions for OT1/ptm.
)
LaTeX Font Info:    Font shape `OT1/ptm/bx/n' in size <12> not available
(Font)              Font shape `OT1/ptm/b/n' tried instead on input line 24.
LaTeX Font Info:    Font shape `OT1/ptm/bx/n' in size <9> not available
(Font)              Font shape `OT1/ptm/b/n' tried instead on input line 24.
LaTeX Font Info:    Font shape `OT1/ptm/bx/n' in size <7> not available
(Font)              Font shape `OT1/ptm/b/n' tried instead on input line 24.
Package babel Info: Redefining german shorthand "f
(babel)             in language  on input line 28.
Package babel Info: Redefining german shorthand "|
(babel)             in language  on input line 28.
Package babel Info: Redefining german shorthand "~
(babel)             in language  on input line 28.
Package babel Info: Redefining german shorthand "f
(babel)             in language  on input line 28.
Package babel Info: Redefining german shorthand "|
(babel)             in language  on input line 28.
Package babel Info: Redefining german shorthand "~
(babel)             in language  on input line 28.
 [1






{/var/lib/texmf/fonts/map/pdftex/updmap/pdftex.map} <./pic/h_da.png>])
\openout2 = `doc/erklaerung.aux'.

 (./doc/erklaerung.tex
LaTeX Font Info:    Try loading font information for T1+phv on input line 1.

(/usr/share/texmf-dist/tex/latex/psnfss/t1phv.fd
File: t1phv.fd 2001/06/04 scalable font definitions for T1/phv.
)
LaTeX Font Info:    Font shape `T1/phv/m/n' will be
(Font)              scaled to size 11.39996pt on input line 1.
LaTeX Font Info:    Font shape `T1/phv/bx/n' in size <12> not available
(Font)              Font shape `T1/phv/b/n' tried instead on input line 1.
LaTeX Font Info:    Font shape `T1/phv/b/n' will be
(Font)              scaled to size 11.39996pt on input line 1.
LaTeX Font Info:    Font shape `T1/phv/bx/n' in size <17.28> not available
(Font)              Font shape `T1/phv/b/n' tried instead on input line 1.
LaTeX Font Info:    Font shape `T1/phv/b/n' will be
(Font)              scaled to size 16.41594pt on input line 1.

(/usr/share/texmf-dist/tex/latex/ucs/data/uni-0.def
File: uni-0.def 2013/05/13 UCS: Unicode data U+0000..U+00FF
))
Underfull \hbox (badness 10000) in paragraph at lines 4--72

 []


Overfull \vbox (2.89444pt too high) has occurred while \output is active []

Package babel Info: Redefining german shorthand "f
(babel)             in language  on input line 72.
Package babel Info: Redefining german shorthand "|
(babel)             in language  on input line 72.
Package babel Info: Redefining german shorthand "~
(babel)             in language  on input line 72.
Package babel Info: Redefining german shorthand "f
(babel)             in language  on input line 72.
Package babel Info: Redefining german shorthand "|
(babel)             in language  on input line 72.
Package babel Info: Redefining german shorthand "~
(babel)             in language  on input line 72.

[2


]
\openout2 = `doc/abstract.aux'.

 (./doc/abstract.tex)
Overfull \vbox (2.89444pt too high) has occurred while \output is active []

Package babel Info: Redefining german shorthand "f
(babel)             in language  on input line 73.
Package babel Info: Redefining german shorthand "|
(babel)             in language  on input line 73.
Package babel Info: Redefining german shorthand "~
(babel)             in language  on input line 73.
Package babel Info: Redefining german shorthand "f
(babel)             in language  on input line 73.
Package babel Info: Redefining german shorthand "|
(babel)             in language  on input line 73.
Package babel Info: Redefining german shorthand "~
(babel)             in language  on input line 73.

[3


]
LaTeX Font Info:    Font shape `T1/phv/bx/n' in size <24.88> not available
(Font)              Font shape `T1/phv/b/n' tried instead on input line 75.
LaTeX Font Info:    Font shape `T1/phv/b/n' will be
(Font)              scaled to size 23.63593pt on input line 75.
 (./document.toc
Package babel Info: Redefining german shorthand "f
(babel)             in language  on input line 28.
Package babel Info: Redefining german shorthand "|
(babel)             in language  on input line 28.
Package babel Info: Redefining german shorthand "~
(babel)             in language  on input line 28.
Package babel Info: Redefining german shorthand "f
(babel)             in language  on input line 28.
Package babel Info: Redefining german shorthand "|
(babel)             in language  on input line 28.
Package babel Info: Redefining german shorthand "~
(babel)             in language  on input line 28.
 [4



]
Overfull \vbox (2.89444pt too high) has occurred while \output is active []

Package babel Info: Redefining german shorthand "f
(babel)             in language  on input line 58.
Package babel Info: Redefining german shorthand "|
(babel)             in language  on input line 58.
Package babel Info: Redefining german shorthand "~
(babel)             in language  on input line 58.
Package babel Info: Redefining german shorthand "f
(babel)             in language  on input line 58.
Package babel Info: Redefining german shorthand "|
(babel)             in language  on input line 58.
Package babel Info: Redefining german shorthand "~
(babel)             in language  on input line 58.

[5])
\tf@toc=\write7
\openout7 = `document.toc'.


Overfull \vbox (2.89444pt too high) has occurred while \output is active []

Package babel Info: Redefining german shorthand "f
(babel)             in language  on input line 76.
Package babel Info: Redefining german shorthand "|
(babel)             in language  on input line 76.
Package babel Info: Redefining german shorthand "~
(babel)             in language  on input line 76.
Package babel Info: Redefining german shorthand "f
(babel)             in language  on input line 76.
Package babel Info: Redefining german shorthand "|
(babel)             in language  on input line 76.
Package babel Info: Redefining german shorthand "~
(babel)             in language  on input line 76.

[6] (./document.lof)
\tf@lof=\write8
\openout8 = `document.lof'.

Package babel Info: Redefining german shorthand "f
(babel)             in language  on input line 77.
Package babel Info: Redefining german shorthand "|
(babel)             in language  on input line 77.
Package babel Info: Redefining german shorthand "~
(babel)             in language  on input line 77.
Package babel Info: Redefining german shorthand "f
(babel)             in language  on input line 77.
Package babel Info: Redefining german shorthand "|
(babel)             in language  on input line 77.
Package babel Info: Redefining german shorthand "~
(babel)             in language  on input line 77.
 [7


] (./document.lot)
\tf@lot=\write9
\openout9 = `document.lot'.



Class scrbook Warning: Usage of deprecated \float@listhead!
(scrbook)              You should use the features of package `tocbasic'
(scrbook)              instead of \float@listhead.
(scrbook)              Definition of \float@listhead my be removed from
(scrbook)              `scrbook' soon, so it should not be used  on input line 
78.

Package babel Info: Redefining german shorthand "f
(babel)             in language  on input line 78.
Package babel Info: Redefining german shorthand "|
(babel)             in language  on input line 78.
Package babel Info: Redefining german shorthand "~
(babel)             in language  on input line 78.
Package babel Info: Redefining german shorthand "f
(babel)             in language  on input line 78.
Package babel Info: Redefining german shorthand "|
(babel)             in language  on input line 78.
Package babel Info: Redefining german shorthand "~
(babel)             in language  on input line 78.
[8


] (./document.lol)
\tf@lol=\write10
\openout10 = `document.lol'.

Package babel Info: Redefining german shorthand "f
(babel)             in language  on input line 80.
Package babel Info: Redefining german shorthand "|
(babel)             in language  on input line 80.
Package babel Info: Redefining german shorthand "~
(babel)             in language  on input line 80.
Package babel Info: Redefining german shorthand "f
(babel)             in language  on input line 80.
Package babel Info: Redefining german shorthand "|
(babel)             in language  on input line 80.
Package babel Info: Redefining german shorthand "~
(babel)             in language  on input line 80.
 [9


]
\openout2 = `doc/einleitung.aux'.

 (./doc/einleitung.tex
Kapitel 1.
Package babel Info: Redefining german shorthand "f
(babel)             in language  on input line 1.
Package babel Info: Redefining german shorthand "|
(babel)             in language  on input line 1.
Package babel Info: Redefining german shorthand "~
(babel)             in language  on input line 1.

Class scrbook Warning: \float@addtolists detected!
(scrbook)              You should use the features of package `tocbasic'
(scrbook)              instead of \float@addtolists.
(scrbook)              Support for \float@addtolists may be removed from
(scrbook)              `scrbook' soon .

Package babel Info: Redefining german shorthand "f
(babel)             in language  on input line 4.
Package babel Info: Redefining german shorthand "|
(babel)             in language  on input line 4.
Package babel Info: Redefining german shorthand "~
(babel)             in language  on input line 4.

Overfull \hbox (32.37302pt too wide) in paragraph at lines 7--10
\T1/ptm/m/n/12 Hauptaugenmerk die-ser Ar-beit ist es die mög-lich-kei-ten der R
oboter-Mensch-Kollaboration
 []

Package babel Info: Redefining german shorthand "f
(babel)             in language  on input line 11.
Package babel Info: Redefining german shorthand "|
(babel)             in language  on input line 11.
Package babel Info: Redefining german shorthand "~
(babel)             in language  on input line 11.
Package babel Info: Redefining german shorthand "f
(babel)             in language  on input line 24.
Package babel Info: Redefining german shorthand "|
(babel)             in language  on input line 24.
Package babel Info: Redefining german shorthand "~
(babel)             in language  on input line 24.
Package babel Info: Redefining german shorthand "f
(babel)             in language  on input line 24.
Package babel Info: Redefining german shorthand "|
(babel)             in language  on input line 24.
Package babel Info: Redefining german shorthand "~
(babel)             in language  on input line 24.
[10



]
Package babel Info: Redefining german shorthand "f
(babel)             in language  on input line 26.
Package babel Info: Redefining german shorthand "|
(babel)             in language  on input line 26.
Package babel Info: Redefining german shorthand "~
(babel)             in language  on input line 26.
Package babel Info: Redefining german shorthand "f
(babel)             in language  on input line 35.
Package babel Info: Redefining german shorthand "|
(babel)             in language  on input line 35.
Package babel Info: Redefining german shorthand "~
(babel)             in language  on input line 35.
)
Overfull \vbox (2.89444pt too high) has occurred while \output is active []

Package babel Info: Redefining german shorthand "f
(babel)             in language  on input line 80.
Package babel Info: Redefining german shorthand "|
(babel)             in language  on input line 80.
Package babel Info: Redefining german shorthand "~
(babel)             in language  on input line 80.
Package babel Info: Redefining german shorthand "f
(babel)             in language  on input line 80.
Package babel Info: Redefining german shorthand "|
(babel)             in language  on input line 80.
Package babel Info: Redefining german shorthand "~
(babel)             in language  on input line 80.

[11]
\openout2 = `doc/grundlagen.aux'.

 (./doc/grundlagen.tex
Kapitel 2.
Package babel Info: Redefining german shorthand "f
(babel)             in language  on input line 1.
Package babel Info: Redefining german shorthand "|
(babel)             in language  on input line 1.
Package babel Info: Redefining german shorthand "~
(babel)             in language  on input line 1.
Package babel Info: Redefining german shorthand "f
(babel)             in language  on input line 3.
Package babel Info: Redefining german shorthand "|
(babel)             in language  on input line 3.
Package babel Info: Redefining german shorthand "~
(babel)             in language  on input line 3.

Underfull \hbox (badness 10000) in paragraph at lines 6--12

 []

LaTeX Font Info:    Try loading font information for OMS+ptm on input line 14.
(/usr/share/texmf-dist/tex/latex/psnfss/omsptm.fd
File: omsptm.fd 
)
LaTeX Font Info:    Font shape `OMS/ptm/m/n' in size <12> not available
(Font)              Font shape `OMS/cmsy/m/n' tried instead on input line 14.
LaTeX Font Info:    Font shape `T1/phv/bx/n' in size <14.4> not available
(Font)              Font shape `T1/phv/b/n' tried instead on input line 20.
LaTeX Font Info:    Font shape `T1/phv/b/n' will be
(Font)              scaled to size 13.67995pt on input line 20.
Package babel Info: Redefining german shorthand "f
(babel)             in language  on input line 20.
Package babel Info: Redefining german shorthand "|
(babel)             in language  on input line 20.
Package babel Info: Redefining german shorthand "~
(babel)             in language  on input line 20.
Package acronym Info: Label `acro:ISO' newly defined as it shall be overridden
although it is yet undefined on input line 25.
Package babel Info: Redefining german shorthand "f
(babel)             in language  on input line 26.
Package babel Info: Redefining german shorthand "|
(babel)             in language  on input line 26.
Package babel Info: Redefining german shorthand "~
(babel)             in language  on input line 26.
Package babel Info: Redefining german shorthand "f
(babel)             in language  on input line 26.
Package babel Info: Redefining german shorthand "|
(babel)             in language  on input line 26.
Package babel Info: Redefining german shorthand "~
(babel)             in language  on input line 26.
 [12




]
Package babel Info: Redefining german shorthand "f
(babel)             in language  on input line 27.
Package babel Info: Redefining german shorthand "|
(babel)             in language  on input line 27.
Package babel Info: Redefining german shorthand "~
(babel)             in language  on input line 27.
Package babel Info: Redefining german shorthand "f
(babel)             in language  on input line 33.
Package babel Info: Redefining german shorthand "|
(babel)             in language  on input line 33.
Package babel Info: Redefining german shorthand "~
(babel)             in language  on input line 33.

<pic/ur5_robot.png, id=409, 316.18124pt x 401.5pt>
File: pic/ur5_robot.png Graphic file (type png)
 <use pic/ur5_robot.png>
Package pdftex.def Info: pic/ur5_robot.png used on input line 38.
(pdftex.def)             Requested size: 318.67207pt x 404.69084pt.


LaTeX Warning: Reference `URControl' on page 13 undefined on input line 46.


Underfull \hbox (badness 10000) in paragraph at lines 43--49

 []


Underfull \hbox (badness 10000) in paragraph at lines 43--49

 []

Package babel Info: Redefining german shorthand "f
(babel)             in language  on input line 50.
Package babel Info: Redefining german shorthand "|
(babel)             in language  on input line 50.
Package babel Info: Redefining german shorthand "~
(babel)             in language  on input line 50.

Underfull \hbox (badness 10000) in paragraph at lines 53--58

 []


Underfull \hbox (badness 10000) in paragraph at lines 53--58

 []


Overfull \vbox (2.89444pt too high) has occurred while \output is active []

Package babel Info: Redefining german shorthand "f
(babel)             in language  on input line 58.
Package babel Info: Redefining german shorthand "|
(babel)             in language  on input line 58.
Package babel Info: Redefining german shorthand "~
(babel)             in language  on input line 58.
Package babel Info: Redefining german shorthand "f
(babel)             in language  on input line 58.
Package babel Info: Redefining german shorthand "|
(babel)             in language  on input line 58.
Package babel Info: Redefining german shorthand "~
(babel)             in language  on input line 58.

[13]
Overfull \vbox (2.89444pt too high) has occurred while \output is active []

Package babel Info: Redefining german shorthand "f
(babel)             in language  on input line 58.
Package babel Info: Redefining german shorthand "|
(babel)             in language  on input line 58.
Package babel Info: Redefining german shorthand "~
(babel)             in language  on input line 58.
Package babel Info: Redefining german shorthand "f
(babel)             in language  on input line 58.
Package babel Info: Redefining german shorthand "|
(babel)             in language  on input line 58.
Package babel Info: Redefining german shorthand "~
(babel)             in language  on input line 58.

[14 <./pic/ur5_robot.png>]
Package babel Info: Redefining german shorthand "f
(babel)             in language  on input line 59.
Package babel Info: Redefining german shorthand "|
(babel)             in language  on input line 59.
Package babel Info: Redefining german shorthand "~
(babel)             in language  on input line 59.
LaTeX Font Info:    Try loading font information for T1+pcr on input line 64.
 (/usr/share/texmf-dist/tex/latex/psnfss/t1pcr.fd
File: t1pcr.fd 2001/06/04 font definitions for T1/pcr.
)
Package babel Info: Redefining german shorthand "f
(babel)             in language  on input line 71.
Package babel Info: Redefining german shorthand "|
(babel)             in language  on input line 71.
Package babel Info: Redefining german shorthand "~
(babel)             in language  on input line 71.

Underfull \hbox (badness 10000) in paragraph at lines 74--75

 []

<pic/ur_programming_levels.png, id=424, 566.86781pt x 502.87875pt>
File: pic/ur_programming_levels.png Graphic file (type png)

<use pic/ur_programming_levels.png>
Package pdftex.def Info: pic/ur_programming_levels.png used on input line 84.
(pdftex.def)             Requested size: 318.67207pt x 282.70746pt.
Package babel Info: Redefining german shorthand "f
(babel)             in language  on input line 90.
Package babel Info: Redefining german shorthand "|
(babel)             in language  on input line 90.
Package babel Info: Redefining german shorthand "~
(babel)             in language  on input line 90.

Underfull \hbox (badness 10000) in paragraph at lines 102--107

 []


Overfull \vbox (2.89444pt too high) has occurred while \output is active []

Package babel Info: Redefining german shorthand "f
(babel)             in language  on input line 107.
Package babel Info: Redefining german shorthand "|
(babel)             in language  on input line 107.
Package babel Info: Redefining german shorthand "~
(babel)             in language  on input line 107.
Package babel Info: Redefining german shorthand "f
(babel)             in language  on input line 107.
Package babel Info: Redefining german shorthand "|
(babel)             in language  on input line 107.
Package babel Info: Redefining german shorthand "~
(babel)             in language  on input line 107.

[15]
Package babel Info: Redefining german shorthand "f
(babel)             in language  on input line 108.
Package babel Info: Redefining german shorthand "|
(babel)             in language  on input line 108.
Package babel Info: Redefining german shorthand "~
(babel)             in language  on input line 108.

Overfull \vbox (2.89444pt too high) has occurred while \output is active []

Package babel Info: Redefining german shorthand "f
(babel)             in language  on input line 114.
Package babel Info: Redefining german shorthand "|
(babel)             in language  on input line 114.
Package babel Info: Redefining german shorthand "~
(babel)             in language  on input line 114.
Package babel Info: Redefining german shorthand "f
(babel)             in language  on input line 114.
Package babel Info: Redefining german shorthand "|
(babel)             in language  on input line 114.
Package babel Info: Redefining german shorthand "~
(babel)             in language  on input line 114.

[16 <./pic/ur_programming_levels.png>]
Package babel Info: Redefining german shorthand "f
(babel)             in language  on input line 114.
Package babel Info: Redefining german shorthand "|
(babel)             in language  on input line 114.
Package babel Info: Redefining german shorthand "~
(babel)             in language  on input line 114.

Underfull \hbox (badness 10000) in paragraph at lines 117--120

 []

Package babel Info: Redefining german shorthand "f
(babel)             in language  on input line 133.
Package babel Info: Redefining german shorthand "|
(babel)             in language  on input line 133.
Package babel Info: Redefining german shorthand "~
(babel)             in language  on input line 133.
Package acronym Info: Label `acro:parsen' newly defined as it shall be overridd
en
although it is yet undefined on input line 140.
Package babel Info: Redefining german shorthand "f
(babel)             in language  on input line 144.
Package babel Info: Redefining german shorthand "|
(babel)             in language  on input line 144.
Package babel Info: Redefining german shorthand "~
(babel)             in language  on input line 144.
Package acronym Info: Label `acro:TCP/IP' newly defined as it shall be overridd
en
although it is yet undefined on input line 147.

Overfull \vbox (2.89444pt too high) has occurred while \output is active []

Package babel Info: Redefining german shorthand "f
(babel)             in language  on input line 151.
Package babel Info: Redefining german shorthand "|
(babel)             in language  on input line 151.
Package babel Info: Redefining german shorthand "~
(babel)             in language  on input line 151.
Package babel Info: Redefining german shorthand "f
(babel)             in language  on input line 151.
Package babel Info: Redefining german shorthand "|
(babel)             in language  on input line 151.
Package babel Info: Redefining german shorthand "~
(babel)             in language  on input line 151.

[17] <pic/secondary_datapackage_scheme.png, id=457, 197.23688pt x 276.28218pt>
File: pic/secondary_datapackage_scheme.png Graphic file (type png)

<use pic/secondary_datapackage_scheme.png>
Package pdftex.def Info: pic/secondary_datapackage_scheme.png used on input lin
e 156.
(pdftex.def)             Requested size: 199.16928pt x 278.98798pt.
Package babel Info: Redefining german shorthand "f
(babel)             in language  on input line 161.
Package babel Info: Redefining german shorthand "|
(babel)             in language  on input line 161.
Package babel Info: Redefining german shorthand "~
(babel)             in language  on input line 161.
Package acronym Info: Label `acro:URP' newly defined as it shall be overridden
although it is yet undefined on input line 165.

Overfull \vbox (2.89444pt too high) has occurred while \output is active []

Package babel Info: Redefining german shorthand "f
(babel)             in language  on input line 167.
Package babel Info: Redefining german shorthand "|
(babel)             in language  on input line 167.
Package babel Info: Redefining german shorthand "~
(babel)             in language  on input line 167.
Package babel Info: Redefining german shorthand "f
(babel)             in language  on input line 167.
Package babel Info: Redefining german shorthand "|
(babel)             in language  on input line 167.
Package babel Info: Redefining german shorthand "~
(babel)             in language  on input line 167.

[18 <./pic/secondary_datapackage_scheme.png>]
Package babel Info: Redefining german shorthand "f
(babel)             in language  on input line 167.
Package babel Info: Redefining german shorthand "|
(babel)             in language  on input line 167.
Package babel Info: Redefining german shorthand "~
(babel)             in language  on input line 167.
Package acronym Info: Label `acro:API' newly defined as it shall be overridden
although it is yet undefined on input line 170.
Package acronym Info: Label `acro:UR' newly defined as it shall be overridden
although it is yet undefined on input line 170.
Package acronym Info: Label `acro:Library' newly defined as it shall be overrid
den
although it is yet undefined on input line 170.


Package acronym Warning: Acronym `Library' is not defined on input line 170.


Package acronym Warning: Acronym `Library' is not defined on input line 170.

Package babel Info: Redefining german shorthand "f
(babel)             in language  on input line 172.
Package babel Info: Redefining german shorthand "|
(babel)             in language  on input line 172.
Package babel Info: Redefining german shorthand "~
(babel)             in language  on input line 172.
(/usr/share/texmf-dist/tex/latex/listings/lstlang1.sty
File: lstlang1.sty 2013/08/26 1.5b listings language file
)
(/usr/share/texmf-dist/tex/latex/listings/lstmisc.sty
File: lstmisc.sty 2013/08/26 1.5b (Carsten Heinz)
)
LaTeX Font Info:    Font shape `T1/pcr/bx/n' in size <8> not available
(Font)              Font shape `T1/pcr/b/n' tried instead on input line 178.
Package acronym Info: Label `acro:PTP' newly defined as it shall be overridden
although it is yet undefined on input line 189.

Underfull \hbox (badness 10000) in paragraph at lines 187--194

 []


Overfull \vbox (2.89444pt too high) has occurred while \output is active []

Package babel Info: Redefining german shorthand "f
(babel)             in language  on input line 194.
Package babel Info: Redefining german shorthand "|
(babel)             in language  on input line 194.
Package babel Info: Redefining german shorthand "~
(babel)             in language  on input line 194.
Package babel Info: Redefining german shorthand "f
(babel)             in language  on input line 194.
Package babel Info: Redefining german shorthand "|
(babel)             in language  on input line 194.
Package babel Info: Redefining german shorthand "~
(babel)             in language  on input line 194.

[19]
Package babel Info: Redefining german shorthand "f
(babel)             in language  on input line 195.
Package babel Info: Redefining german shorthand "|
(babel)             in language  on input line 195.
Package babel Info: Redefining german shorthand "~
(babel)             in language  on input line 195.
 (/usr/share/texmf-dist/tex/latex/ucs/data/uni-1.def
File: uni-1.def 2013/05/13 UCS: Unicode data U+0100..U+01FF
))
Overfull \hbox (0.23705pt too wide) in paragraph at lines 204--81
[]\T1/ptm/m/n/12 Das Li-nea-re Ver-fah-ren be-deu-tet ei-ne Be-we-gung des Ro-b
o-ters von dem TCP Punkt
 []


Overfull \vbox (2.89444pt too high) has occurred while \output is active []

Package babel Info: Redefining german shorthand "f
(babel)             in language  on input line 81.
Package babel Info: Redefining german shorthand "|
(babel)             in language  on input line 81.
Package babel Info: Redefining german shorthand "~
(babel)             in language  on input line 81.
Package babel Info: Redefining german shorthand "f
(babel)             in language  on input line 81.
Package babel Info: Redefining german shorthand "|
(babel)             in language  on input line 81.
Package babel Info: Redefining german shorthand "~
(babel)             in language  on input line 81.

[20]
\openout2 = `doc/konzept.aux'.

 (./doc/konzept.tex
Kapitel 3.
Package babel Info: Redefining german shorthand "f
(babel)             in language  on input line 1.
Package babel Info: Redefining german shorthand "|
(babel)             in language  on input line 1.
Package babel Info: Redefining german shorthand "~
(babel)             in language  on input line 1.
Package babel Info: Redefining german shorthand "f
(babel)             in language  on input line 4.
Package babel Info: Redefining german shorthand "|
(babel)             in language  on input line 4.
Package babel Info: Redefining german shorthand "~
(babel)             in language  on input line 4.
Package babel Info: Redefining german shorthand "f
(babel)             in language  on input line 12.
Package babel Info: Redefining german shorthand "|
(babel)             in language  on input line 12.
Package babel Info: Redefining german shorthand "~
(babel)             in language  on input line 12.
Package babel Info: Redefining german shorthand "f
(babel)             in language  on input line 18.
Package babel Info: Redefining german shorthand "|
(babel)             in language  on input line 18.
Package babel Info: Redefining german shorthand "~
(babel)             in language  on input line 18.
Package babel Info: Redefining german shorthand "f
(babel)             in language  on input line 26.
Package babel Info: Redefining german shorthand "|
(babel)             in language  on input line 26.
Package babel Info: Redefining german shorthand "~
(babel)             in language  on input line 26.
Package babel Info: Redefining german shorthand "f
(babel)             in language  on input line 26.
Package babel Info: Redefining german shorthand "|
(babel)             in language  on input line 26.
Package babel Info: Redefining german shorthand "~
(babel)             in language  on input line 26.
[21




]
Package babel Info: Redefining german shorthand "f
(babel)             in language  on input line 27.
Package babel Info: Redefining german shorthand "|
(babel)             in language  on input line 27.
Package babel Info: Redefining german shorthand "~
(babel)             in language  on input line 27.
)
Overfull \vbox (2.89444pt too high) has occurred while \output is active []

Package babel Info: Redefining german shorthand "f
(babel)             in language  on input line 82.
Package babel Info: Redefining german shorthand "|
(babel)             in language  on input line 82.
Package babel Info: Redefining german shorthand "~
(babel)             in language  on input line 82.
Package babel Info: Redefining german shorthand "f
(babel)             in language  on input line 82.
Package babel Info: Redefining german shorthand "|
(babel)             in language  on input line 82.
Package babel Info: Redefining german shorthand "~
(babel)             in language  on input line 82.

[22]
\openout2 = `doc/realisierung.aux'.

 (./doc/realisierung.tex
Kapitel 4.
Package babel Info: Redefining german shorthand "f
(babel)             in language  on input line 1.
Package babel Info: Redefining german shorthand "|
(babel)             in language  on input line 1.
Package babel Info: Redefining german shorthand "~
(babel)             in language  on input line 1.
Package babel Info: Redefining german shorthand "f
(babel)             in language  on input line 4.
Package babel Info: Redefining german shorthand "|
(babel)             in language  on input line 4.
Package babel Info: Redefining german shorthand "~
(babel)             in language  on input line 4.
Package babel Info: Redefining german shorthand "f
(babel)             in language  on input line 9.
Package babel Info: Redefining german shorthand "|
(babel)             in language  on input line 9.
Package babel Info: Redefining german shorthand "~
(babel)             in language  on input line 9.
Package babel Info: Redefining german shorthand "f
(babel)             in language  on input line 23.
Package babel Info: Redefining german shorthand "|
(babel)             in language  on input line 23.
Package babel Info: Redefining german shorthand "~
(babel)             in language  on input line 23.
Package babel Info: Redefining german shorthand "f
(babel)             in language  on input line 23.
Package babel Info: Redefining german shorthand "|
(babel)             in language  on input line 23.
Package babel Info: Redefining german shorthand "~
(babel)             in language  on input line 23.
[23




]
Overfull \hbox (3.78801pt too wide) in paragraph at lines 46--47
[]\T1/ptm/m/n/12 Nachdem die In-itia-li-sie-rung ab-ge-schlos-sen ist, muss wie
 in Li-sting [][]2.3[][] ei-ne Schlei-
 []


Overfull \vbox (2.89444pt too high) has occurred while \output is active []

Package babel Info: Redefining german shorthand "f
(babel)             in language  on input line 59.
Package babel Info: Redefining german shorthand "|
(babel)             in language  on input line 59.
Package babel Info: Redefining german shorthand "~
(babel)             in language  on input line 59.
Package babel Info: Redefining german shorthand "f
(babel)             in language  on input line 59.
Package babel Info: Redefining german shorthand "|
(babel)             in language  on input line 59.
Package babel Info: Redefining german shorthand "~
(babel)             in language  on input line 59.

[24]
Package babel Info: Redefining german shorthand "f
(babel)             in language  on input line 78.
Package babel Info: Redefining german shorthand "|
(babel)             in language  on input line 78.
Package babel Info: Redefining german shorthand "~
(babel)             in language  on input line 78.
 <pic/joint1_position_capi.png, id=547, 564.1075pt x 514.92375pt>
File: pic/joint1_position_capi.png Graphic file (type png)

<use pic/joint1_position_capi.png>
Package pdftex.def Info: pic/joint1_position_capi.png used on input line 86.
(pdftex.def)             Requested size: 318.67207pt x 290.89317pt.

Overfull \vbox (2.89444pt too high) has occurred while \output is active []

Package babel Info: Redefining german shorthand "f
(babel)             in language  on input line 90.
Package babel Info: Redefining german shorthand "|
(babel)             in language  on input line 90.
Package babel Info: Redefining german shorthand "~
(babel)             in language  on input line 90.
Package babel Info: Redefining german shorthand "f
(babel)             in language  on input line 90.
Package babel Info: Redefining german shorthand "|
(babel)             in language  on input line 90.
Package babel Info: Redefining german shorthand "~
(babel)             in language  on input line 90.

[25]
Package babel Info: Redefining german shorthand "f
(babel)             in language  on input line 93.
Package babel Info: Redefining german shorthand "|
(babel)             in language  on input line 93.
Package babel Info: Redefining german shorthand "~
(babel)             in language  on input line 93.
Package babel Info: Redefining german shorthand "f
(babel)             in language  on input line 96.
Package babel Info: Redefining german shorthand "|
(babel)             in language  on input line 96.
Package babel Info: Redefining german shorthand "~
(babel)             in language  on input line 96.
 <pic/polyscope_program_tree.png, id=574, 346.29375pt x 441.65pt>
File: pic/polyscope_program_tree.png Graphic file (type png)

<use pic/polyscope_program_tree.png>
Package pdftex.def Info: pic/polyscope_program_tree.png used on input line 104.

(pdftex.def)             Requested size: 199.16928pt x 254.0209pt.

Overfull \vbox (2.89444pt too high) has occurred while \output is active []

Package babel Info: Redefining german shorthand "f
(babel)             in language  on input line 108.
Package babel Info: Redefining german shorthand "|
(babel)             in language  on input line 108.
Package babel Info: Redefining german shorthand "~
(babel)             in language  on input line 108.
Package babel Info: Redefining german shorthand "f
(babel)             in language  on input line 108.
Package babel Info: Redefining german shorthand "|
(babel)             in language  on input line 108.
Package babel Info: Redefining german shorthand "~
(babel)             in language  on input line 108.

[26 <./pic/joint1_position_capi.png>]
Package babel Info: Redefining german shorthand "f
(babel)             in language  on input line 115.
Package babel Info: Redefining german shorthand "|
(babel)             in language  on input line 115.
Package babel Info: Redefining german shorthand "~
(babel)             in language  on input line 115.


LaTeX Warning: Reference `polyscope_popup' on page 27 undefined on input line 1
19.

<pic/popup_question.png, id=580, 523.9575pt x 270.00874pt>
File: pic/popup_question.png Graphic file (type png)

<use pic/popup_question.png>
Package pdftex.def Info: pic/popup_question.png used on input line 124.
(pdftex.def)             Requested size: 318.67207pt x 164.22304pt.

Overfull \vbox (2.89444pt too high) has occurred while \output is active []

Package babel Info: Redefining german shorthand "f
(babel)             in language  on input line 128.
Package babel Info: Redefining german shorthand "|
(babel)             in language  on input line 128.
Package babel Info: Redefining german shorthand "~
(babel)             in language  on input line 128.
Package babel Info: Redefining german shorthand "f
(babel)             in language  on input line 128.
Package babel Info: Redefining german shorthand "|
(babel)             in language  on input line 128.
Package babel Info: Redefining german shorthand "~
(babel)             in language  on input line 128.

[27 <./pic/polyscope_program_tree.png (PNG copy)>]
Package babel Info: Redefining german shorthand "f
(babel)             in language  on input line 131.
Package babel Info: Redefining german shorthand "|
(babel)             in language  on input line 131.
Package babel Info: Redefining german shorthand "~
(babel)             in language  on input line 131.

Underfull \hbox (badness 10000) in paragraph at lines 134--137

 []

Package babel Info: Redefining german shorthand "f
(babel)             in language  on input line 138.
Package babel Info: Redefining german shorthand "|
(babel)             in language  on input line 138.
Package babel Info: Redefining german shorthand "~
(babel)             in language  on input line 138.

LaTeX Warning: Reference `polyscope_program_tree' on page 28 undefined on input
 line 141.


Overfull \vbox (2.89444pt too high) has occurred while \output is active []

Package babel Info: Redefining german shorthand "f
(babel)             in language  on input line 142.
Package babel Info: Redefining german shorthand "|
(babel)             in language  on input line 142.
Package babel Info: Redefining german shorthand "~
(babel)             in language  on input line 142.
Package babel Info: Redefining german shorthand "f
(babel)             in language  on input line 142.
Package babel Info: Redefining german shorthand "|
(babel)             in language  on input line 142.
Package babel Info: Redefining german shorthand "~
(babel)             in language  on input line 142.

[28 <./pic/popup_question.png>]
Package babel Info: Redefining german shorthand "f
(babel)             in language  on input line 143.
Package babel Info: Redefining german shorthand "|
(babel)             in language  on input line 143.
Package babel Info: Redefining german shorthand "~
(babel)             in language  on input line 143.
Package babel Info: Redefining german shorthand "f
(babel)             in language  on input line 149.
Package babel Info: Redefining german shorthand "|
(babel)             in language  on input line 149.
Package babel Info: Redefining german shorthand "~
(babel)             in language  on input line 149.
Package babel Info: Redefining german shorthand "f
(babel)             in language  on input line 156.
Package babel Info: Redefining german shorthand "|
(babel)             in language  on input line 156.
Package babel Info: Redefining german shorthand "~
(babel)             in language  on input line 156.


LaTeX Warning: Reference `urscipt_program_lst' on page 29 undefined on input li
ne 163.


Underfull \hbox (badness 10000) in paragraph at lines 159--164

 []


Overfull \vbox (2.89444pt too high) has occurred while \output is active []

Package babel Info: Redefining german shorthand "f
(babel)             in language  on input line 165.
Package babel Info: Redefining german shorthand "|
(babel)             in language  on input line 165.
Package babel Info: Redefining german shorthand "~
(babel)             in language  on input line 165.
Package babel Info: Redefining german shorthand "f
(babel)             in language  on input line 165.
Package babel Info: Redefining german shorthand "|
(babel)             in language  on input line 165.
Package babel Info: Redefining german shorthand "~
(babel)             in language  on input line 165.

[29]
Package babel Info: Redefining german shorthand "f
(babel)             in language  on input line 173.
Package babel Info: Redefining german shorthand "|
(babel)             in language  on input line 173.
Package babel Info: Redefining german shorthand "~
(babel)             in language  on input line 173.
Package acronym Info: Label `acro:Syntax Highlighting' newly defined as it shal
l be overridden
although it is yet undefined on input line 176.


Package acronym Warning: Acronym `Syntax Highlighting' is not defined on input 
line 176.


Package acronym Warning: Acronym `Syntax Highlighting' is not defined on input 
line 176.


Overfull \hbox (57.64482pt too wide) in paragraph at lines 176--177
\T1/ptm/m/n/12 gram-men. Vor-teil-haft ist es, wenn das Pro-gramm [][][] \T1/pt
m/b/n/12 Syn-tax High-ligh-ting! \T1/ptm/m/n/12 ([])[]
 []

Package babel Info: Redefining german shorthand "f
(babel)             in language  on input line 178.
Package babel Info: Redefining german shorthand "|
(babel)             in language  on input line 178.
Package babel Info: Redefining german shorthand "~
(babel)             in language  on input line 178.
Package babel Info: Redefining german shorthand "f
(babel)             in language  on input line 183.
Package babel Info: Redefining german shorthand "|
(babel)             in language  on input line 183.
Package babel Info: Redefining german shorthand "~
(babel)             in language  on input line 183.
Package acronym Info: Label `acro:Popup' newly defined as it shall be overridde
n
although it is yet undefined on input line 186.
Package babel Info: Redefining german shorthand "f
(babel)             in language  on input line 188.
Package babel Info: Redefining german shorthand "|
(babel)             in language  on input line 188.
Package babel Info: Redefining german shorthand "~
(babel)             in language  on input line 188.

Overfull \vbox (2.89444pt too high) has occurred while \output is active []

Package babel Info: Redefining german shorthand "f
(babel)             in language  on input line 192.
Package babel Info: Redefining german shorthand "|
(babel)             in language  on input line 192.
Package babel Info: Redefining german shorthand "~
(babel)             in language  on input line 192.
Package babel Info: Redefining german shorthand "f
(babel)             in language  on input line 192.
Package babel Info: Redefining german shorthand "|
(babel)             in language  on input line 192.
Package babel Info: Redefining german shorthand "~
(babel)             in language  on input line 192.

[30]
Package babel Info: Redefining german shorthand "f
(babel)             in language  on input line 193.
Package babel Info: Redefining german shorthand "|
(babel)             in language  on input line 193.
Package babel Info: Redefining german shorthand "~
(babel)             in language  on input line 193.
Package babel Info: Redefining german shorthand "f
(babel)             in language  on input line 198.
Package babel Info: Redefining german shorthand "|
(babel)             in language  on input line 198.
Package babel Info: Redefining german shorthand "~
(babel)             in language  on input line 198.


LaTeX Warning: Reference `lst:secondary_interface_scriptfunctions' on page 31 u
ndefined on input line 200.


Overfull \vbox (2.89444pt too high) has occurred while \output is active []

Package babel Info: Redefining german shorthand "f
(babel)             in language  on input line 228.
Package babel Info: Redefining german shorthand "|
(babel)             in language  on input line 228.
Package babel Info: Redefining german shorthand "~
(babel)             in language  on input line 228.
Package babel Info: Redefining german shorthand "f
(babel)             in language  on input line 228.
Package babel Info: Redefining german shorthand "|
(babel)             in language  on input line 228.
Package babel Info: Redefining german shorthand "~
(babel)             in language  on input line 228.

[31]
Package babel Info: Redefining german shorthand "f
(babel)             in language  on input line 238.
Package babel Info: Redefining german shorthand "|
(babel)             in language  on input line 238.
Package babel Info: Redefining german shorthand "~
(babel)             in language  on input line 238.
Package babel Info: Redefining german shorthand "f
(babel)             in language  on input line 243.
Package babel Info: Redefining german shorthand "|
(babel)             in language  on input line 243.
Package babel Info: Redefining german shorthand "~
(babel)             in language  on input line 243.
 <pic/hda_urcontrol_gui.png, id=643, 607.26875pt x 320.19624pt>
File: pic/hda_urcontrol_gui.png Graphic file (type png)

<use pic/hda_urcontrol_gui.png>
Package pdftex.def Info: pic/hda_urcontrol_gui.png used on input line 250.
(pdftex.def)             Requested size: 318.67207pt x 168.02736pt.
Package babel Info: Redefining german shorthand "f
(babel)             in language  on input line 255.
Package babel Info: Redefining german shorthand "|
(babel)             in language  on input line 255.
Package babel Info: Redefining german shorthand "~
(babel)             in language  on input line 255.
Package acronym Info: Label `acro:Mock' newly defined as it shall be overridden

although it is yet undefined on input line 258.
Package acronym Info: Label `acro:Interpreter' newly defined as it shall be ove
rridden
although it is yet undefined on input line 258.

Overfull \vbox (2.89444pt too high) has occurred while \output is active []

Package babel Info: Redefining german shorthand "f
(babel)             in language  on input line 259.
Package babel Info: Redefining german shorthand "|
(babel)             in language  on input line 259.
Package babel Info: Redefining german shorthand "~
(babel)             in language  on input line 259.
Package babel Info: Redefining german shorthand "f
(babel)             in language  on input line 259.
Package babel Info: Redefining german shorthand "|
(babel)             in language  on input line 259.
Package babel Info: Redefining german shorthand "~
(babel)             in language  on input line 259.

[32]
Package babel Info: Redefining german shorthand "f
(babel)             in language  on input line 260.
Package babel Info: Redefining german shorthand "|
(babel)             in language  on input line 260.
Package babel Info: Redefining german shorthand "~
(babel)             in language  on input line 260.
)
Overfull \vbox (2.89444pt too high) has occurred while \output is active []

Package babel Info: Redefining german shorthand "f
(babel)             in language  on input line 83.
Package babel Info: Redefining german shorthand "|
(babel)             in language  on input line 83.
Package babel Info: Redefining german shorthand "~
(babel)             in language  on input line 83.
Package babel Info: Redefining german shorthand "f
(babel)             in language  on input line 83.
Package babel Info: Redefining german shorthand "|
(babel)             in language  on input line 83.
Package babel Info: Redefining german shorthand "~
(babel)             in language  on input line 83.

[33 <./pic/hda_urcontrol_gui.png>]
\openout2 = `doc/ergebniss.aux'.

 (./doc/ergebniss.tex
Kapitel 5.
Package babel Info: Redefining german shorthand "f
(babel)             in language  on input line 1.
Package babel Info: Redefining german shorthand "|
(babel)             in language  on input line 1.
Package babel Info: Redefining german shorthand "~
(babel)             in language  on input line 1.
Package babel Info: Redefining german shorthand "f
(babel)             in language  on input line 6.
Package babel Info: Redefining german shorthand "|
(babel)             in language  on input line 6.
Package babel Info: Redefining german shorthand "~
(babel)             in language  on input line 6.

Underfull \hbox (badness 4366) in paragraph at lines 15--15
[]\T1/ptm/m/n/12 Wegen un-ter-ste Ebe-ne
 []


Underfull \hbox (badness 10000) in paragraph at lines 15--17
[]\T1/ptm/m/n/12 Leichter ein-stieg zum
 []


Underfull \hbox (badness 10000) in paragraph at lines 15--17
\T1/ptm/m/n/12 Pro-gram-mie-ren die-ses
 []


Underfull \hbox (badness 2126) in paragraph at lines 15--17
\T1/ptm/m/n/12 Ro-bo-ters. Für ein-fa-che
 []


Underfull \hbox (badness 10000) in paragraph at lines 15--17
\T1/ptm/m/n/12 Pro-gram-me die be-ste
 []


Underfull \hbox (badness 10000) in paragraph at lines 15--17
\T1/ptm/m/n/12 mög-lich-keit den Ro-
 []


Underfull \hbox (badness 10000) in paragraph at lines 15--17
\T1/ptm/m/n/12 bo-ter am schnell-sten
 []


Underfull \hbox (badness 1558) in paragraph at lines 18--18
\T1/ptm/m/n/12 sicht-li-ches In-ter-face zu
 []


Underfull \hbox (badness 6110) in paragraph at lines 18--18
\T1/ptm/m/n/12 Be-nut-zer den Ro-bo-ter
 []


Underfull \hbox (badness 10000) in paragraph at lines 19--21
[]\T1/ptm/m/n/12 Keine Kom-ple-xen
 []


Underfull \hbox (badness 10000) in paragraph at lines 19--21
\T1/ptm/m/n/12 Menüs mög-lich. Nur
 []


Underfull \hbox (badness 4479) in paragraph at lines 19--21
\T1/ptm/m/n/12 mit dem Be-nut-zer zu
 []


Underfull \hbox (badness 8075) in paragraph at lines 22--22
[]\T1/ptm/m/n/12 Es kön-nen Tests ge-
 []


Underfull \hbox (badness 6575) in paragraph at lines 22--22
\T1/ptm/m/n/12 schrie-ben wer-den, die
 []


Underfull \hbox (badness 10000) in paragraph at lines 22--24
[]\T1/ptm/m/n/12 Keine ei-ge-nen Tests
 []


Underfull \hbox (badness 2042) in paragraph at lines 22--24
\T1/ptm/m/n/12 mög-lich. Ge-te-stet wird
 []


Underfull \hbox (badness 10000) in paragraph at lines 22--24
\T1/ptm/m/n/12 wich-ti-ge kom-po-nen-ten
 []


Underfull \hbox (badness 10000) in paragraph at lines 22--24
\T1/ptm/m/n/12 Aus-gän-ge. Feh-ler im
 []


Underfull \hbox (badness 10000) in paragraph at lines 25--25
[]\T1/ptm/m/n/12 Sehr groÿer Auf-wand
 []


Underfull \hbox (badness 10000) in paragraph at lines 25--25
\T1/ptm/m/n/12 von nö-ten. Es muss
 []


Underfull \hbox (badness 3977) in paragraph at lines 25--25
\T1/ptm/m/n/12 al-les selbst Ent-wickelt
 []


Underfull \hbox (badness 10000) in paragraph at lines 25--25
\T1/ptm/m/n/12 wer-den. Ein ei-ge-ner
 []


Underfull \hbox (badness 1122) in paragraph at lines 25--25
\T1/ptm/m/n/12 Con-trol-ler der als Ver-
 []


Underfull \hbox (badness 6125) in paragraph at lines 25--25
\T1/ptm/m/n/12 die Be-rech-nun-gen der
 []


Underfull \hbox (badness 10000) in paragraph at lines 25--27
\T1/ptm/m/n/12 gramm wird, de-sto
 []


Underfull \hbox (badness 10000) in paragraph at lines 25--27
\T1/ptm/m/n/12 schwie-ri-ger wird das
 []


Underfull \hbox (badness 10000) in paragraph at lines 25--27
\T1/ptm/m/n/12 Ver-ständ-niss und der
 []

Package babel Info: Redefining german shorthand "f
(babel)             in language  on input line 34.
Package babel Info: Redefining german shorthand "|
(babel)             in language  on input line 34.
Package babel Info: Redefining german shorthand "~
(babel)             in language  on input line 34.
Package babel Info: Redefining german shorthand "f
(babel)             in language  on input line 34.
Package babel Info: Redefining german shorthand "|
(babel)             in language  on input line 34.
Package babel Info: Redefining german shorthand "~
(babel)             in language  on input line 34.
[34




]
Overfull \vbox (2.89444pt too high) has occurred while \output is active []

Package babel Info: Redefining german shorthand "f
(babel)             in language  on input line 34.
Package babel Info: Redefining german shorthand "|
(babel)             in language  on input line 34.
Package babel Info: Redefining german shorthand "~
(babel)             in language  on input line 34.
Package babel Info: Redefining german shorthand "f
(babel)             in language  on input line 34.
Package babel Info: Redefining german shorthand "|
(babel)             in language  on input line 34.
Package babel Info: Redefining german shorthand "~
(babel)             in language  on input line 34.

[35]
Overfull \vbox (52.31969pt too high) has occurred while \output is active []


Overfull \vbox (2.89444pt too high) has occurred while \output is active []

Package babel Info: Redefining german shorthand "f
(babel)             in language  on input line 34.
Package babel Info: Redefining german shorthand "|
(babel)             in language  on input line 34.
Package babel Info: Redefining german shorthand "~
(babel)             in language  on input line 34.
Package babel Info: Redefining german shorthand "f
(babel)             in language  on input line 34.
Package babel Info: Redefining german shorthand "|
(babel)             in language  on input line 34.
Package babel Info: Redefining german shorthand "~
(babel)             in language  on input line 34.

[36]

Package acronym Warning: Acronym `Syntax Highlighting' is not defined on input 
line 40.


Underfull \hbox (badness 5519) in paragraph at lines 40--40
\T1/ptm/m/n/12 di-ge aber ver-ständ-nis-
 []


Underfull \hbox (badness 10000) in paragraph at lines 40--40
\T1/ptm/m/n/12 svol-le Do-ku-men-ta-ti-on
 []


Underfull \hbox (badness 10000) in paragraph at lines 40--40
\T1/ptm/m/n/12 er-mög-licht es einen
 []


Underfull \hbox (badness 10000) in paragraph at lines 40--40
\T1/ptm/m/n/12 wick-ler-werk-zeu-ge und
 []


Underfull \hbox (badness 10000) in paragraph at lines 40--40
[][]
 []


Underfull \hbox (badness 10000) in paragraph at lines 40--40
\T1/ptm/m/n/12 und Ver-ein-fa-chen die
 []

Package acronym Info: Label `acro:Software Bibliotheken' newly defined as it sh
all be overridden
although it is yet undefined on input line 40.

Underfull \hbox (badness 10000) in paragraph at lines 40--42
\T1/ptm/m/n/12 mier-spra-che er-leich-tert
 []


Underfull \hbox (badness 10000) in paragraph at lines 40--42
\T1/ptm/m/n/12 das Pro-gram-mie-ren
 []


Underfull \hbox (badness 10000) in paragraph at lines 40--42
\T1/ptm/m/n/12 deut-lich. Vor-han-de-ne
 []


Underfull \hbox (badness 1052) in paragraph at lines 43--43
\T1/ptm/m/n/12 ben wie bei Po-lys-co-pe
 []

Package acronym Info: Label `acro:GUI' newly defined as it shall be overridden
although it is yet undefined on input line 43.

Package acronym Warning: Acronym `GUI' is not defined on input line 43.


Package acronym Warning: Acronym `GUI' is not defined on input line 43.


Underfull \hbox (badness 1484) in paragraph at lines 43--45
\T1/ptm/m/n/12 kön-nen [][][] \T1/ptm/b/n/12 GUI! \T1/ptm/m/n/12 ([])[]'s
 []


Underfull \hbox (badness 10000) in paragraph at lines 43--45
\T1/ptm/m/n/12 er-stellt wer-den, die
 []


Underfull \hbox (badness 10000) in paragraph at lines 43--45
\T1/ptm/m/n/12 kom-ple-xe For-mu-la-re
 []


Underfull \hbox (badness 10000) in paragraph at lines 43--45
\T1/ptm/m/n/12 und Menüs bie-ten.
 []


Underfull \hbox (badness 4072) in paragraph at lines 43--45
\T1/ptm/m/n/12 Erg-mög-licht die Be-ste
 []


Underfull \hbox (badness 10000) in paragraph at lines 43--45
\T1/ptm/m/n/12 in-ter-ak-ti-on mit dem
 []


Underfull \hbox (badness 1946) in paragraph at lines 46--46
[]\T1/ptm/m/n/12 Mit ge-ge-be-nen Mit-teln
 []


Underfull \hbox (badness 4467) in paragraph at lines 46--46
\T1/ptm/m/n/12 nur wie mit Po-lys-co-
 []


Underfull \hbox (badness 10000) in paragraph at lines 46--48
\T1/ptm/m/n/12 leicht ge-fun-den, da
 []


Underfull \hbox (badness 10000) in paragraph at lines 46--48
\T1/ptm/m/n/12 die Eta-blier-ten Pro-
 []


Underfull \hbox (badness 10000) in paragraph at lines 46--48
\T1/ptm/m/n/12 gram-mier-spra-chen den
 []


Underfull \hbox (badness 10000) in paragraph at lines 46--48
\T1/ptm/m/n/12 Pro-gramm-co-de nach
 []


Underfull \hbox (badness 6380) in paragraph at lines 46--48
\T1/ptm/m/n/12 Syn-tax-feh-lern durch-su-
 []


Underfull \hbox (badness 10000) in paragraph at lines 49--49
\T1/ptm/m/n/12 klei-ne-re An-wen-dun-gen
 []


Underfull \hbox (badness 3271) in paragraph at lines 49--51
\T1/ptm/m/n/12 ap-ter zum UR-Con-trol-
 []


Underfull \hbox (badness 2073) in paragraph at lines 49--51
\T1/ptm/m/n/12 ler ge-schrie-ben ist, ist
 []


Overfull \hbox (11.74713pt too wide) in paragraph at lines 34--56
[]$[]$ 
 []


Overfull \vbox (35.38158pt too high) has occurred while \output is active []


Overfull \vbox (2.89444pt too high) has occurred while \output is active []

Package babel Info: Redefining german shorthand "f
(babel)             in language  on input line 57.
Package babel Info: Redefining german shorthand "|
(babel)             in language  on input line 57.
Package babel Info: Redefining german shorthand "~
(babel)             in language  on input line 57.
Package babel Info: Redefining german shorthand "f
(babel)             in language  on input line 57.
Package babel Info: Redefining german shorthand "|
(babel)             in language  on input line 57.
Package babel Info: Redefining german shorthand "~
(babel)             in language  on input line 57.

[37]
Package babel Info: Redefining german shorthand "f
(babel)             in language  on input line 57.
Package babel Info: Redefining german shorthand "|
(babel)             in language  on input line 57.
Package babel Info: Redefining german shorthand "~
(babel)             in language  on input line 57.

Underfull \hbox (badness 10000) in paragraph at lines 59--66

 []


Underfull \hbox (badness 10000) in paragraph at lines 59--66

 []


Overfull \hbox (1.52206pt too wide) in paragraph at lines 59--66
\T1/ptm/m/n/12 gen-über Po-lys-co-pe An-wen-dun-gen zu ent-wickeln, je-doch bie
-tet die ei-gens ent-wickel-
 []


Underfull \hbox (badness 10000) in paragraph at lines 59--66

 []


Overfull \hbox (24.47768pt too wide) in paragraph at lines 59--66
\T1/ptm/m/n/12 gram-mier-spra-che, näm-lich vor-han-de-ne Ent-wick-ler-werk-zeu
-ge und [][]
 []

Package babel Info: Redefining german shorthand "f
(babel)             in language  on input line 67.
Package babel Info: Redefining german shorthand "|
(babel)             in language  on input line 67.
Package babel Info: Redefining german shorthand "~
(babel)             in language  on input line 67.
)
Overfull \vbox (2.89444pt too high) has occurred while \output is active []

Package babel Info: Redefining german shorthand "f
(babel)             in language  on input line 84.
Package babel Info: Redefining german shorthand "|
(babel)             in language  on input line 84.
Package babel Info: Redefining german shorthand "~
(babel)             in language  on input line 84.
Package babel Info: Redefining german shorthand "f
(babel)             in language  on input line 84.
Package babel Info: Redefining german shorthand "|
(babel)             in language  on input line 84.
Package babel Info: Redefining german shorthand "~
(babel)             in language  on input line 84.

[38]
\openout2 = `doc/fazit.aux'.

 (./doc/fazit.tex
Kapitel 6.
Package babel Info: Redefining german shorthand "f
(babel)             in language  on input line 1.
Package babel Info: Redefining german shorthand "|
(babel)             in language  on input line 1.
Package babel Info: Redefining german shorthand "~
(babel)             in language  on input line 1.
Package babel Info: Redefining german shorthand "f
(babel)             in language  on input line 3.
Package babel Info: Redefining german shorthand "|
(babel)             in language  on input line 3.
Package babel Info: Redefining german shorthand "~
(babel)             in language  on input line 3.
Package babel Info: Redefining german shorthand "f
(babel)             in language  on input line 7.
Package babel Info: Redefining german shorthand "|
(babel)             in language  on input line 7.
Package babel Info: Redefining german shorthand "~
(babel)             in language  on input line 7.
)
Package babel Info: Redefining german shorthand "f
(babel)             in language  on input line 85.
Package babel Info: Redefining german shorthand "|
(babel)             in language  on input line 85.
Package babel Info: Redefining german shorthand "~
(babel)             in language  on input line 85.
Package babel Info: Redefining german shorthand "f
(babel)             in language  on input line 85.
Package babel Info: Redefining german shorthand "|
(babel)             in language  on input line 85.
Package babel Info: Redefining german shorthand "~
(babel)             in language  on input line 85.
 [39




] (./doc/literaturverzeichnis.tex
No file document.bbl.
Package babel Info: Redefining german shorthand "f
(babel)             in language  on input line 6.
Package babel Info: Redefining german shorthand "|
(babel)             in language  on input line 6.
Package babel Info: Redefining german shorthand "~
(babel)             in language  on input line 6.
) (./doc/glossar.tex
Package babel Info: Redefining german shorthand "f
(babel)             in language  on input line 1.
Package babel Info: Redefining german shorthand "|
(babel)             in language  on input line 1.
Package babel Info: Redefining german shorthand "~
(babel)             in language  on input line 1.
Package babel Info: Redefining german shorthand "f
(babel)             in language  on input line 1.
Package babel Info: Redefining german shorthand "|
(babel)             in language  on input line 1.
Package babel Info: Redefining german shorthand "~
(babel)             in language  on input line 1.
 [40




]
Anhang B.
Package babel Info: Redefining german shorthand "f
(babel)             in language  on input line 1.
Package babel Info: Redefining german shorthand "|
(babel)             in language  on input line 1.
Package babel Info: Redefining german shorthand "~
(babel)             in language  on input line 1.
Package babel Info: Redefining german shorthand "f
(babel)             in language  on input line 16.
Package babel Info: Redefining german shorthand "|
(babel)             in language  on input line 16.
Package babel Info: Redefining german shorthand "~
(babel)             in language  on input line 16.
Package babel Info: Redefining german shorthand "f
(babel)             in language  on input line 16.
Package babel Info: Redefining german shorthand "|
(babel)             in language  on input line 16.
Package babel Info: Redefining german shorthand "~
(babel)             in language  on input line 16.
[41


]) (./doc/anhang.tex
Overfull \vbox (2.89444pt too high) has occurred while \output is active []

Package babel Info: Redefining german shorthand "f
(babel)             in language  on input line 1.
Package babel Info: Redefining german shorthand "|
(babel)             in language  on input line 1.
Package babel Info: Redefining german shorthand "~
(babel)             in language  on input line 1.
Package babel Info: Redefining german shorthand "f
(babel)             in language  on input line 1.
Package babel Info: Redefining german shorthand "|
(babel)             in language  on input line 1.
Package babel Info: Redefining german shorthand "~
(babel)             in language  on input line 1.

[42]
Anhang C.
Package babel Info: Redefining german shorthand "f
(babel)             in language  on input line 1.
Package babel Info: Redefining german shorthand "|
(babel)             in language  on input line 1.
Package babel Info: Redefining german shorthand "~
(babel)             in language  on input line 1.
Package babel Info: Redefining german shorthand "f
(babel)             in language  on input line 4.
Package babel Info: Redefining german shorthand "|
(babel)             in language  on input line 4.
Package babel Info: Redefining german shorthand "~
(babel)             in language  on input line 4.
)
Package atveryend Info: Empty hook `BeforeClearDocument' on input line 95.
Package babel Info: Redefining german shorthand "f
(babel)             in language  on input line 95.
Package babel Info: Redefining german shorthand "|
(babel)             in language  on input line 95.
Package babel Info: Redefining german shorthand "~
(babel)             in language  on input line 95.
Package babel Info: Redefining german shorthand "f
(babel)             in language  on input line 95.
Package babel Info: Redefining german shorthand "|
(babel)             in language  on input line 95.
Package babel Info: Redefining german shorthand "~
(babel)             in language  on input line 95.
 [43


]
Package atveryend Info: Empty hook `AfterLastShipout' on input line 95.
 (./document.aux (./doc/titelseite.aux) (./doc/erklaerung.aux)
(./doc/abstract.aux) (./doc/einleitung.aux) (./doc/grundlagen.aux)
(./doc/konzept.aux) (./doc/realisierung.aux) (./doc/ergebniss.aux)
(./doc/fazit.aux))
Package atveryend Info: Executing hook `AtVeryEndDocument' on input line 95.
Package atveryend Info: Executing hook `AtEndAfterFileList' on input line 95.
Package rerunfilecheck Info: File `document.out' has not changed.
(rerunfilecheck)             Checksum: 79FE510FDD81753FD196A9E64BADAE39;4243.


LaTeX Warning: There were undefined references.


LaTeX Warning: There were multiply-defined labels.

Package atveryend Info: Empty hook `AtVeryVeryEnd' on input line 95.
 ) 
Here is how much of TeX's memory you used:
 20307 strings out of 493311
 339353 string characters out of 6143650
 515317 words of memory out of 5000000
 23037 multiletter control sequences out of 15000+600000
 51561 words of font info for 69 fonts, out of 8000000 for 9000
 957 hyphenation exceptions out of 8191
 56i,12n,65p,886b,1971s stack positions out of 5000i,500n,10000p,200000b,80000s
{/usr/share/texmf-dist/fonts/enc/dvips/base/8r.enc}</usr/share/texmf-dist/fon
ts/type1/public/amsfonts/cm/cmsy10.pfb></usr/share/texmf-dist/fonts/type1/urw/c
ourier/ucrb8a.pfb></usr/share/texmf-dist/fonts/type1/urw/courier/ucrr8a.pfb></u
sr/share/texmf-dist/fonts/type1/urw/helvetic/uhvb8a.pfb></usr/share/texmf-dist/
fonts/type1/urw/times/utmb8a.pfb></usr/share/texmf-dist/fonts/type1/urw/times/u
tmr8a.pfb></usr/share/texmf-dist/fonts/type1/urw/times/utmr8a.pfb>
Output written on document.pdf (43 pages, 424311 bytes).
PDF statistics:
 798 PDF objects out of 1000 (max. 8388607)
 726 compressed objects within 8 object streams
 249 named destinations out of 1000 (max. 500000)
 533 words of extra memory for PDF output out of 10000 (max. 10000000)

