\BOOKMARK [0][-]{chapter.1}{Einleitung}{}% 1
\BOOKMARK [1][-]{section.1.1}{Fachliche Umgebung}{chapter.1}% 2
\BOOKMARK [1][-]{section.1.2}{Motivation und Ziel des Projektes}{chapter.1}% 3
\BOOKMARK [1][-]{section.1.3}{Aufgabenstellung}{chapter.1}% 4
\BOOKMARK [1][-]{section.1.4}{Einordnung in die Themenfelder der Informatik}{chapter.1}% 5
\BOOKMARK [0][-]{chapter.2}{Grundlagen}{}% 6
\BOOKMARK [1][-]{section.2.1}{Roboter-Mensch-Kollaboration}{chapter.2}% 7
\BOOKMARK [2][-]{subsection.2.1.1}{Beschreibung}{section.2.1}% 8
\BOOKMARK [2][-]{subsection.2.1.2}{Richtlinien}{section.2.1}% 9
\BOOKMARK [1][-]{section.2.2}{Ur5 Roboter}{chapter.2}% 10
\BOOKMARK [2][-]{subsection.2.2.1}{Beschreibung}{section.2.2}% 11
\BOOKMARK [2][-]{subsection.2.2.2}{Eigenschaften}{section.2.2}% 12
\BOOKMARK [2][-]{subsection.2.2.3}{Update}{section.2.2}% 13
\BOOKMARK [2][-]{subsection.2.2.4}{Datensicherung}{section.2.2}% 14
\BOOKMARK [1][-]{section.2.3}{Programmierschnittstellen \334bersicht}{chapter.2}% 15
\BOOKMARK [1][-]{section.2.4}{URControl}{chapter.2}% 16
\BOOKMARK [2][-]{subsection.2.4.1}{Konfiguration}{section.2.4}% 17
\BOOKMARK [2][-]{subsection.2.4.2}{Real Time Interface}{section.2.4}% 18
\BOOKMARK [2][-]{subsection.2.4.3}{Secondary and Primary Interface}{section.2.4}% 19
\BOOKMARK [2][-]{subsection.2.4.4}{Polyscope}{section.2.4}% 20
\BOOKMARK [1][-]{section.2.5}{C-API}{chapter.2}% 21
\BOOKMARK [2][-]{subsection.2.5.1}{Beschreibung}{section.2.5}% 22
\BOOKMARK [2][-]{subsection.2.5.2}{Beispiel Kontroll Schleife}{section.2.5}% 23
\BOOKMARK [2][-]{subsection.2.5.3}{PTP Bahnen}{section.2.5}% 24
\BOOKMARK [2][-]{subsection.2.5.4}{Linear Bahnen}{section.2.5}% 25
\BOOKMARK [0][-]{chapter.3}{Konzept}{}% 26
\BOOKMARK [1][-]{section.3.1}{Anwendungsbeispiel}{chapter.3}% 27
\BOOKMARK [2][-]{subsection.3.1.1}{Beschreibung Anwendungsbeispiel}{section.3.1}% 28
\BOOKMARK [1][-]{section.3.2}{Bewertung der einzelnen L\366sungen}{chapter.3}% 29
\BOOKMARK [1][-]{section.3.3}{Speichern der Daten}{chapter.3}% 30
\BOOKMARK [2][-]{subsection.3.3.1}{Speichern ueber Polyscope und Script}{section.3.3}% 31
\BOOKMARK [2][-]{subsection.3.3.2}{Speichern \374ber Eigene API}{section.3.3}% 32
\BOOKMARK [0][-]{chapter.4}{Realisierung}{}% 33
\BOOKMARK [1][-]{section.4.1}{Polyscope}{chapter.4}% 34
\BOOKMARK [2][-]{subsection.4.1.1}{Programmierung}{section.4.1}% 35
\BOOKMARK [2][-]{subsection.4.1.2}{User Interaktion}{section.4.1}% 36
\BOOKMARK [2][-]{subsection.4.1.3}{Debugging}{section.4.1}% 37
\BOOKMARK [1][-]{section.4.2}{UR Script}{chapter.4}% 38
\BOOKMARK [2][-]{subsection.4.2.1}{Programmierung}{section.4.2}% 39
\BOOKMARK [2][-]{subsection.4.2.2}{Laden des Scripts auf den Controller}{section.4.2}% 40
\BOOKMARK [2][-]{subsection.4.2.3}{Debuggen}{section.4.2}% 41
\BOOKMARK [2][-]{subsection.4.2.4}{User Interaktion}{section.4.2}% 42
\BOOKMARK [1][-]{section.4.3}{Script mit h\366herer Schicht}{chapter.4}% 43
\BOOKMARK [2][-]{subsection.4.3.1}{Script mit h\366herer Schicht}{section.4.3}% 44
\BOOKMARK [2][-]{subsection.4.3.2}{Schnittstelle zum Interface}{section.4.3}% 45
\BOOKMARK [2][-]{subsection.4.3.3}{Programmierung mit Schnittstelle}{section.4.3}% 46
\BOOKMARK [2][-]{subsection.4.3.4}{User Interaktion}{section.4.3}% 47
\BOOKMARK [2][-]{subsection.4.3.5}{Debuggen}{section.4.3}% 48
\BOOKMARK [0][-]{chapter.5}{Ergebnis}{}% 49
\BOOKMARK [1][-]{section.5.1}{Vergleich der Schnittstellen}{chapter.5}% 50
\BOOKMARK [1][-]{section.5.2}{Nicht erreichte Ziele}{chapter.5}% 51
\BOOKMARK [2][-]{subsection.5.2.1}{C-API}{section.5.2}% 52
\BOOKMARK [0][-]{chapter.6}{Fazit}{}% 53
\BOOKMARK [1][-]{section.6.1}{Ausblick}{chapter.6}% 54
\BOOKMARK [1][-]{section.6.2}{Zusammenfassung}{chapter.6}% 55
\BOOKMARK [2][-]{subsection.6.2.1}{C-API}{section.6.2}% 56
\BOOKMARK [2][-]{subsection.6.2.2}{UR-Script}{section.6.2}% 57
\BOOKMARK [2][-]{subsection.6.2.3}{Polyscope}{section.6.2}% 58
\BOOKMARK [0][-]{appendix*.7}{Literaturverzeichnis}{}% 59
\BOOKMARK [0][-]{appendix.B}{Glossar}{}% 60
\BOOKMARK [0][-]{appendix.C}{Quellcode}{}% 61
\BOOKMARK [1][-]{section.C.1}{Speichern der daten \374ber TCP in der Datenbank}{appendix.C}% 62
